ARM GAS  /tmp/ccvi7Lld.s 			page 1


   1              		.cpu cortex-m4
   2              		.eabi_attribute 27, 1
   3              		.eabi_attribute 28, 1
   4              		.eabi_attribute 20, 1
   5              		.eabi_attribute 21, 1
   6              		.eabi_attribute 23, 3
   7              		.eabi_attribute 24, 1
   8              		.eabi_attribute 25, 1
   9              		.eabi_attribute 26, 1
  10              		.eabi_attribute 30, 1
  11              		.eabi_attribute 34, 1
  12              		.eabi_attribute 18, 4
  13              		.file	"LSM303AGRSensor.c"
  14              		.text
  15              	.Ltext0:
  16              		.cfi_sections	.debug_frame
  17              		.section	.text.LSM303AGR_setI2CInterface,"ax",%progbits
  18              		.align	1
  19              		.global	LSM303AGR_setI2CInterface
  20              		.syntax unified
  21              		.thumb
  22              		.thumb_func
  23              		.fpu fpv4-sp-d16
  25              	LSM303AGR_setI2CInterface:
  26              	.LFB123:
  27              		.file 1 "../../core/drivers/LSM303AGR/src/LSM303AGRSensor.c"
   1:../../core/drivers/LSM303AGR/src/LSM303AGRSensor.c **** #include "LSM303AGRSensor.h"
   2:../../core/drivers/LSM303AGR/src/LSM303AGRSensor.c **** 
   3:../../core/drivers/LSM303AGR/src/LSM303AGRSensor.c **** 
   4:../../core/drivers/LSM303AGR/src/LSM303AGRSensor.c **** /**
   5:../../core/drivers/LSM303AGR/src/LSM303AGRSensor.c ****  * Sets the I2C interface for the LSM303AGR
   6:../../core/drivers/LSM303AGR/src/LSM303AGRSensor.c ****  * @param hi2c: the I2C interface
   7:../../core/drivers/LSM303AGR/src/LSM303AGRSensor.c ****  */
   8:../../core/drivers/LSM303AGR/src/LSM303AGRSensor.c **** void LSM303AGR_setI2CInterface(I2C_HandleTypeDef *hi2c) {
  28              		.loc 1 8 0
  29              		.cfi_startproc
  30              		@ args = 0, pretend = 0, frame = 0
  31              		@ frame_needed = 0, uses_anonymous_args = 0
  32              		@ link register save eliminated.
  33              	.LVL0:
   9:../../core/drivers/LSM303AGR/src/LSM303AGRSensor.c **** 
  10:../../core/drivers/LSM303AGR/src/LSM303AGRSensor.c **** 	LSM303AGR_hi2c = hi2c;
  34              		.loc 1 10 0
  35 0000 014B     		ldr	r3, .L2
  36 0002 1860     		str	r0, [r3]
  11:../../core/drivers/LSM303AGR/src/LSM303AGRSensor.c **** }
  37              		.loc 1 11 0
  38 0004 7047     		bx	lr
  39              	.L3:
  40 0006 00BF     		.align	2
  41              	.L2:
  42 0008 00000000 		.word	LSM303AGR_hi2c
  43              		.cfi_endproc
  44              	.LFE123:
  46              		.section	.text.LSM303AGR_readRegister,"ax",%progbits
  47              		.align	1
  48              		.global	LSM303AGR_readRegister
ARM GAS  /tmp/ccvi7Lld.s 			page 2


  49              		.syntax unified
  50              		.thumb
  51              		.thumb_func
  52              		.fpu fpv4-sp-d16
  54              	LSM303AGR_readRegister:
  55              	.LFB124:
  12:../../core/drivers/LSM303AGR/src/LSM303AGRSensor.c **** 
  13:../../core/drivers/LSM303AGR/src/LSM303AGRSensor.c **** /**
  14:../../core/drivers/LSM303AGR/src/LSM303AGRSensor.c ****  * Read a certain register of the LSM303AGR depending on the value of ACC_MAG:
  15:../../core/drivers/LSM303AGR/src/LSM303AGRSensor.c ****  * 		- if this value is 0: read out a register of the accelerometer
  16:../../core/drivers/LSM303AGR/src/LSM303AGRSensor.c ****  * 		- if this value is 1: read out a register of the magnetormeter
  17:../../core/drivers/LSM303AGR/src/LSM303AGRSensor.c ****  * The standard HAL library values are used for the size of the register and time-out.
  18:../../core/drivers/LSM303AGR/src/LSM303AGRSensor.c ****  * @param LSM303AGR_reg: the register that needs to be read of the LSM303AGR
  19:../../core/drivers/LSM303AGR/src/LSM303AGRSensor.c ****  * @param LSM303AGR_data: a pointer where the data of the register needs to be stored
  20:../../core/drivers/LSM303AGR/src/LSM303AGRSensor.c ****  * @param ACC_MAG: depending on the value a value a register of the accelerometer of magnetometer a
  21:../../core/drivers/LSM303AGR/src/LSM303AGRSensor.c ****  * @return returns the status of the I2C transfer
  22:../../core/drivers/LSM303AGR/src/LSM303AGRSensor.c ****  */
  23:../../core/drivers/LSM303AGR/src/LSM303AGRSensor.c **** HAL_StatusTypeDef LSM303AGR_readRegister(uint8_t LSM303AGR_reg,
  24:../../core/drivers/LSM303AGR/src/LSM303AGRSensor.c **** 		uint8_t LSM303AGR_data, uint8_t ACC_MAG) {
  56              		.loc 1 24 0
  57              		.cfi_startproc
  58              		@ args = 0, pretend = 0, frame = 8
  59              		@ frame_needed = 0, uses_anonymous_args = 0
  60              	.LVL1:
  61 0000 10B5     		push	{r4, lr}
  62              	.LCFI0:
  63              		.cfi_def_cfa_offset 8
  64              		.cfi_offset 4, -8
  65              		.cfi_offset 14, -4
  66 0002 86B0     		sub	sp, sp, #24
  67              	.LCFI1:
  68              		.cfi_def_cfa_offset 32
  69 0004 8DF81710 		strb	r1, [sp, #23]
  25:../../core/drivers/LSM303AGR/src/LSM303AGRSensor.c **** 
  26:../../core/drivers/LSM303AGR/src/LSM303AGRSensor.c **** 	if (ACC_MAG == 0) {
  70              		.loc 1 26 0
  71 0008 8AB1     		cbz	r2, .L8
  27:../../core/drivers/LSM303AGR/src/LSM303AGRSensor.c **** 		HAL_I2C_Mem_Read(LSM303AGR_hi2c, LSM303AGR_ACC_I2C_ADDRESS,
  28:../../core/drivers/LSM303AGR/src/LSM303AGRSensor.c **** 				LSM303AGR_reg, I2C_MEMADD_SIZE_8BIT, &LSM303AGR_data,
  29:../../core/drivers/LSM303AGR/src/LSM303AGRSensor.c **** 				sizeof(LSM303AGR_data), HAL_MAX_DELAY);
  30:../../core/drivers/LSM303AGR/src/LSM303AGRSensor.c **** 	} else {
  31:../../core/drivers/LSM303AGR/src/LSM303AGRSensor.c **** 		HAL_I2C_Mem_Read(LSM303AGR_hi2c, LSM303AGR_MAG_I2C_ADDRESS,
  72              		.loc 1 31 0
  73 000a 114B     		ldr	r3, .L9
  74 000c 1C68     		ldr	r4, [r3]
  75 000e 4FF0FF33 		mov	r3, #-1
  76 0012 0293     		str	r3, [sp, #8]
  77 0014 0123     		movs	r3, #1
  78 0016 0193     		str	r3, [sp, #4]
  79 0018 0DF11702 		add	r2, sp, #23
  80              	.LVL2:
  81 001c 0092     		str	r2, [sp]
  82 001e 0246     		mov	r2, r0
  83 0020 3C21     		movs	r1, #60
  84              	.LVL3:
  85 0022 2046     		mov	r0, r4
  86              	.LVL4:
ARM GAS  /tmp/ccvi7Lld.s 			page 3


  87 0024 FFF7FEFF 		bl	HAL_I2C_Mem_Read
  88              	.LVL5:
  89              	.L6:
  32:../../core/drivers/LSM303AGR/src/LSM303AGRSensor.c **** 				LSM303AGR_reg, I2C_MEMADD_SIZE_8BIT, &LSM303AGR_data,
  33:../../core/drivers/LSM303AGR/src/LSM303AGRSensor.c **** 				sizeof(LSM303AGR_data), HAL_MAX_DELAY);
  34:../../core/drivers/LSM303AGR/src/LSM303AGRSensor.c **** 	}
  35:../../core/drivers/LSM303AGR/src/LSM303AGRSensor.c **** 
  36:../../core/drivers/LSM303AGR/src/LSM303AGRSensor.c **** 	return HAL_OK;
  37:../../core/drivers/LSM303AGR/src/LSM303AGRSensor.c **** }
  90              		.loc 1 37 0
  91 0028 0020     		movs	r0, #0
  92 002a 06B0     		add	sp, sp, #24
  93              	.LCFI2:
  94              		.cfi_remember_state
  95              		.cfi_def_cfa_offset 8
  96              		@ sp needed
  97 002c 10BD     		pop	{r4, pc}
  98              	.LVL6:
  99              	.L8:
 100              	.LCFI3:
 101              		.cfi_restore_state
  27:../../core/drivers/LSM303AGR/src/LSM303AGRSensor.c **** 		HAL_I2C_Mem_Read(LSM303AGR_hi2c, LSM303AGR_ACC_I2C_ADDRESS,
 102              		.loc 1 27 0
 103 002e 084B     		ldr	r3, .L9
 104 0030 1C68     		ldr	r4, [r3]
 105 0032 4FF0FF33 		mov	r3, #-1
 106 0036 0293     		str	r3, [sp, #8]
 107 0038 0123     		movs	r3, #1
 108 003a 0193     		str	r3, [sp, #4]
 109 003c 0DF11702 		add	r2, sp, #23
 110              	.LVL7:
 111 0040 0092     		str	r2, [sp]
 112 0042 0246     		mov	r2, r0
 113 0044 3221     		movs	r1, #50
 114              	.LVL8:
 115 0046 2046     		mov	r0, r4
 116              	.LVL9:
 117 0048 FFF7FEFF 		bl	HAL_I2C_Mem_Read
 118              	.LVL10:
 119 004c ECE7     		b	.L6
 120              	.L10:
 121 004e 00BF     		.align	2
 122              	.L9:
 123 0050 00000000 		.word	LSM303AGR_hi2c
 124              		.cfi_endproc
 125              	.LFE124:
 127              		.section	.text.LSM303AGR_writeRegister,"ax",%progbits
 128              		.align	1
 129              		.global	LSM303AGR_writeRegister
 130              		.syntax unified
 131              		.thumb
 132              		.thumb_func
 133              		.fpu fpv4-sp-d16
 135              	LSM303AGR_writeRegister:
 136              	.LFB125:
  38:../../core/drivers/LSM303AGR/src/LSM303AGRSensor.c **** 
  39:../../core/drivers/LSM303AGR/src/LSM303AGRSensor.c **** /**
ARM GAS  /tmp/ccvi7Lld.s 			page 4


  40:../../core/drivers/LSM303AGR/src/LSM303AGRSensor.c ****  * Writes a cerain value to a certain register of the LSM303AGR depending on the value of ACC_MAG:
  41:../../core/drivers/LSM303AGR/src/LSM303AGRSensor.c ****  *   	- if this value is 0: write to a register of the accelerometer
  42:../../core/drivers/LSM303AGR/src/LSM303AGRSensor.c ****  * 		- if this value is 1: write to a register of the magnetormeter
  43:../../core/drivers/LSM303AGR/src/LSM303AGRSensor.c ****  * the standard HAL library values are used for the size of the register and time-out.
  44:../../core/drivers/LSM303AGR/src/LSM303AGRSensor.c ****  * @param LSM303AGR_reg: the register where data needs to be written to
  45:../../core/drivers/LSM303AGR/src/LSM303AGRSensor.c ****  * @param LSM303AGR_data: a pointer to the data that needs to be written
  46:../../core/drivers/LSM303AGR/src/LSM303AGRSensor.c ****  * @param ACC_MAG: depending on the value, a write is performed to the accelerometer of magnetomete
  47:../../core/drivers/LSM303AGR/src/LSM303AGRSensor.c ****  * @return returns the status of the I2C transfer
  48:../../core/drivers/LSM303AGR/src/LSM303AGRSensor.c ****  */
  49:../../core/drivers/LSM303AGR/src/LSM303AGRSensor.c **** HAL_StatusTypeDef LSM303AGR_writeRegister(uint8_t LSM303AGR_reg,
  50:../../core/drivers/LSM303AGR/src/LSM303AGRSensor.c **** 		uint8_t LSM303AGR_data, uint8_t ACC_MAG) {
 137              		.loc 1 50 0
 138              		.cfi_startproc
 139              		@ args = 0, pretend = 0, frame = 8
 140              		@ frame_needed = 0, uses_anonymous_args = 0
 141              	.LVL11:
 142 0000 10B5     		push	{r4, lr}
 143              	.LCFI4:
 144              		.cfi_def_cfa_offset 8
 145              		.cfi_offset 4, -8
 146              		.cfi_offset 14, -4
 147 0002 86B0     		sub	sp, sp, #24
 148              	.LCFI5:
 149              		.cfi_def_cfa_offset 32
 150 0004 8DF81710 		strb	r1, [sp, #23]
  51:../../core/drivers/LSM303AGR/src/LSM303AGRSensor.c **** 
  52:../../core/drivers/LSM303AGR/src/LSM303AGRSensor.c **** 	if (ACC_MAG == 0) {
 151              		.loc 1 52 0
 152 0008 8AB1     		cbz	r2, .L15
  53:../../core/drivers/LSM303AGR/src/LSM303AGRSensor.c **** 		HAL_I2C_Mem_Write(LSM303AGR_hi2c, LSM303AGR_ACC_I2C_ADDRESS,
  54:../../core/drivers/LSM303AGR/src/LSM303AGRSensor.c **** 				LSM303AGR_reg, I2C_MEMADD_SIZE_8BIT, &LSM303AGR_data,
  55:../../core/drivers/LSM303AGR/src/LSM303AGRSensor.c **** 				sizeof(LSM303AGR_data), HAL_MAX_DELAY);
  56:../../core/drivers/LSM303AGR/src/LSM303AGRSensor.c **** 	} else {
  57:../../core/drivers/LSM303AGR/src/LSM303AGRSensor.c **** 		HAL_I2C_Mem_Write(LSM303AGR_hi2c, LSM303AGR_MAG_I2C_ADDRESS,
 153              		.loc 1 57 0
 154 000a 114B     		ldr	r3, .L16
 155 000c 1C68     		ldr	r4, [r3]
 156 000e 4FF0FF33 		mov	r3, #-1
 157 0012 0293     		str	r3, [sp, #8]
 158 0014 0123     		movs	r3, #1
 159 0016 0193     		str	r3, [sp, #4]
 160 0018 0DF11702 		add	r2, sp, #23
 161              	.LVL12:
 162 001c 0092     		str	r2, [sp]
 163 001e 0246     		mov	r2, r0
 164 0020 3C21     		movs	r1, #60
 165              	.LVL13:
 166 0022 2046     		mov	r0, r4
 167              	.LVL14:
 168 0024 FFF7FEFF 		bl	HAL_I2C_Mem_Write
 169              	.LVL15:
 170              	.L13:
  58:../../core/drivers/LSM303AGR/src/LSM303AGRSensor.c **** 				LSM303AGR_reg, I2C_MEMADD_SIZE_8BIT, &LSM303AGR_data,
  59:../../core/drivers/LSM303AGR/src/LSM303AGRSensor.c **** 				sizeof(LSM303AGR_setting), HAL_MAX_DELAY);
  60:../../core/drivers/LSM303AGR/src/LSM303AGRSensor.c **** 	}
  61:../../core/drivers/LSM303AGR/src/LSM303AGRSensor.c **** 
  62:../../core/drivers/LSM303AGR/src/LSM303AGRSensor.c **** 	return HAL_OK;
ARM GAS  /tmp/ccvi7Lld.s 			page 5


  63:../../core/drivers/LSM303AGR/src/LSM303AGRSensor.c **** 
  64:../../core/drivers/LSM303AGR/src/LSM303AGRSensor.c **** }
 171              		.loc 1 64 0
 172 0028 0020     		movs	r0, #0
 173 002a 06B0     		add	sp, sp, #24
 174              	.LCFI6:
 175              		.cfi_remember_state
 176              		.cfi_def_cfa_offset 8
 177              		@ sp needed
 178 002c 10BD     		pop	{r4, pc}
 179              	.LVL16:
 180              	.L15:
 181              	.LCFI7:
 182              		.cfi_restore_state
  53:../../core/drivers/LSM303AGR/src/LSM303AGRSensor.c **** 		HAL_I2C_Mem_Write(LSM303AGR_hi2c, LSM303AGR_ACC_I2C_ADDRESS,
 183              		.loc 1 53 0
 184 002e 084B     		ldr	r3, .L16
 185 0030 1C68     		ldr	r4, [r3]
 186 0032 4FF0FF33 		mov	r3, #-1
 187 0036 0293     		str	r3, [sp, #8]
 188 0038 0123     		movs	r3, #1
 189 003a 0193     		str	r3, [sp, #4]
 190 003c 0DF11702 		add	r2, sp, #23
 191              	.LVL17:
 192 0040 0092     		str	r2, [sp]
 193 0042 0246     		mov	r2, r0
 194 0044 3221     		movs	r1, #50
 195              	.LVL18:
 196 0046 2046     		mov	r0, r4
 197              	.LVL19:
 198 0048 FFF7FEFF 		bl	HAL_I2C_Mem_Write
 199              	.LVL20:
 200 004c ECE7     		b	.L13
 201              	.L17:
 202 004e 00BF     		.align	2
 203              	.L16:
 204 0050 00000000 		.word	LSM303AGR_hi2c
 205              		.cfi_endproc
 206              	.LFE125:
 208              		.section	.text.LSM303AGR_init,"ax",%progbits
 209              		.align	1
 210              		.global	LSM303AGR_init
 211              		.syntax unified
 212              		.thumb
 213              		.thumb_func
 214              		.fpu fpv4-sp-d16
 216              	LSM303AGR_init:
 217              	.LFB126:
  65:../../core/drivers/LSM303AGR/src/LSM303AGRSensor.c **** 
  66:../../core/drivers/LSM303AGR/src/LSM303AGRSensor.c **** /**
  67:../../core/drivers/LSM303AGR/src/LSM303AGRSensor.c ****  * Initialization of the LSM303AGR accelerometer and magnetometer.
  68:../../core/drivers/LSM303AGR/src/LSM303AGRSensor.c ****  * The accelerometer is initialized with the following values:
  69:../../core/drivers/LSM303AGR/src/LSM303AGRSensor.c ****  * 		- Powerdown,
  70:../../core/drivers/LSM303AGR/src/LSM303AGRSensor.c ****  * 		- X, Y and Z-axes enabled
  71:../../core/drivers/LSM303AGR/src/LSM303AGRSensor.c ****  * 		- BDU enabled (output registers are not updated until the MSB and LSB have been read)
  72:../../core/drivers/LSM303AGR/src/LSM303AGRSensor.c ****  *
  73:../../core/drivers/LSM303AGR/src/LSM303AGRSensor.c ****  * The magnetometer is initialized with the following values:
ARM GAS  /tmp/ccvi7Lld.s 			page 6


  74:../../core/drivers/LSM303AGR/src/LSM303AGRSensor.c ****  * 		- Idle mode,
  75:../../core/drivers/LSM303AGR/src/LSM303AGRSensor.c ****  * 		- Temperature compensation enabled,
  76:../../core/drivers/LSM303AGR/src/LSM303AGRSensor.c ****  * 		- Low-power mode enabled,
  77:../../core/drivers/LSM303AGR/src/LSM303AGRSensor.c ****  * 		- Offset cancelation enabled,
  78:../../core/drivers/LSM303AGR/src/LSM303AGRSensor.c ****  * 		- Low pass filter enabled,
  79:../../core/drivers/LSM303AGR/src/LSM303AGRSensor.c ****  * 		- BDU enabled
  80:../../core/drivers/LSM303AGR/src/LSM303AGRSensor.c ****  */
  81:../../core/drivers/LSM303AGR/src/LSM303AGRSensor.c **** void LSM303AGR_init() {
 218              		.loc 1 81 0
 219              		.cfi_startproc
 220              		@ args = 0, pretend = 0, frame = 0
 221              		@ frame_needed = 0, uses_anonymous_args = 0
 222 0000 10B5     		push	{r4, lr}
 223              	.LCFI8:
 224              		.cfi_def_cfa_offset 8
 225              		.cfi_offset 4, -8
 226              		.cfi_offset 14, -4
  82:../../core/drivers/LSM303AGR/src/LSM303AGRSensor.c **** 
  83:../../core/drivers/LSM303AGR/src/LSM303AGRSensor.c **** 	LSM303AGR_setting = LSM303AGR_ACC_ODR_100Hz | LSM303AGR_ACC_X_EN
 227              		.loc 1 83 0
 228 0002 104C     		ldr	r4, .L20
 229 0004 5721     		movs	r1, #87
 230 0006 2170     		strb	r1, [r4]
  84:../../core/drivers/LSM303AGR/src/LSM303AGRSensor.c **** 			| LSM303AGR_ACC_Y_EN | LSM303AGR_ACC_Z_EN;
  85:../../core/drivers/LSM303AGR/src/LSM303AGRSensor.c **** 	LSM303AGR_writeRegister(LSM303AGR_ACC_CTRL_REG1, LSM303AGR_setting, 0);
 231              		.loc 1 85 0
 232 0008 0022     		movs	r2, #0
 233 000a 2020     		movs	r0, #32
 234 000c FFF7FEFF 		bl	LSM303AGR_writeRegister
 235              	.LVL21:
  86:../../core/drivers/LSM303AGR/src/LSM303AGRSensor.c **** 
  87:../../core/drivers/LSM303AGR/src/LSM303AGRSensor.c **** 	LSM303AGR_setting = LSM303AGR_ACC_BDU_EN;
 236              		.loc 1 87 0
 237 0010 8021     		movs	r1, #128
 238 0012 2170     		strb	r1, [r4]
  88:../../core/drivers/LSM303AGR/src/LSM303AGRSensor.c **** 	LSM303AGR_writeRegister(LSM303AGR_ACC_CTRL_REG4, LSM303AGR_setting, 0);
 239              		.loc 1 88 0
 240 0014 0022     		movs	r2, #0
 241 0016 2320     		movs	r0, #35
 242 0018 FFF7FEFF 		bl	LSM303AGR_writeRegister
 243              	.LVL22:
  89:../../core/drivers/LSM303AGR/src/LSM303AGRSensor.c **** 
  90:../../core/drivers/LSM303AGR/src/LSM303AGRSensor.c **** 	LSM303AGR_setting = LSM303AGR_MAG_COMP_TEMP_EN | LSM303AGR_MAG_LP_EN
 244              		.loc 1 90 0
 245 001c 9021     		movs	r1, #144
 246 001e 2170     		strb	r1, [r4]
  91:../../core/drivers/LSM303AGR/src/LSM303AGRSensor.c **** 			| LSM303AGR_MAG_ODR_10HZ;
  92:../../core/drivers/LSM303AGR/src/LSM303AGRSensor.c **** 	LSM303AGR_writeRegister(LSM303AGR_MAG_CFG_REG_A, LSM303AGR_setting, 1);
 247              		.loc 1 92 0
 248 0020 0122     		movs	r2, #1
 249 0022 6020     		movs	r0, #96
 250 0024 FFF7FEFF 		bl	LSM303AGR_writeRegister
 251              	.LVL23:
  93:../../core/drivers/LSM303AGR/src/LSM303AGRSensor.c **** 
  94:../../core/drivers/LSM303AGR/src/LSM303AGRSensor.c **** 	LSM303AGR_setting = LSM303AGR_MAG_OFF_CANC | LSM303AGR_MAG_LPF;
 252              		.loc 1 94 0
 253 0028 0321     		movs	r1, #3
ARM GAS  /tmp/ccvi7Lld.s 			page 7


 254 002a 2170     		strb	r1, [r4]
  95:../../core/drivers/LSM303AGR/src/LSM303AGRSensor.c **** 	LSM303AGR_writeRegister(LSM303AGR_MAG_CFG_REG_B, LSM303AGR_setting, 1);
 255              		.loc 1 95 0
 256 002c 0122     		movs	r2, #1
 257 002e 6120     		movs	r0, #97
 258 0030 FFF7FEFF 		bl	LSM303AGR_writeRegister
 259              	.LVL24:
  96:../../core/drivers/LSM303AGR/src/LSM303AGRSensor.c **** 
  97:../../core/drivers/LSM303AGR/src/LSM303AGRSensor.c **** 	LSM303AGR_setting = LSM303AGR_MAG_BDU;
 260              		.loc 1 97 0
 261 0034 1021     		movs	r1, #16
 262 0036 2170     		strb	r1, [r4]
  98:../../core/drivers/LSM303AGR/src/LSM303AGRSensor.c **** 	LSM303AGR_writeRegister(LSM303AGR_MAG_CFG_REG_C, LSM303AGR_setting, 1);
 263              		.loc 1 98 0
 264 0038 0122     		movs	r2, #1
 265 003a 6220     		movs	r0, #98
 266 003c FFF7FEFF 		bl	LSM303AGR_writeRegister
 267              	.LVL25:
  99:../../core/drivers/LSM303AGR/src/LSM303AGRSensor.c **** 
 100:../../core/drivers/LSM303AGR/src/LSM303AGRSensor.c **** }
 268              		.loc 1 100 0
 269 0040 10BD     		pop	{r4, pc}
 270              	.L21:
 271 0042 00BF     		.align	2
 272              	.L20:
 273 0044 00000000 		.word	LSM303AGR_setting
 274              		.cfi_endproc
 275              	.LFE126:
 277              		.section	.text.LSM303AGR_ACC_reset,"ax",%progbits
 278              		.align	1
 279              		.global	LSM303AGR_ACC_reset
 280              		.syntax unified
 281              		.thumb
 282              		.thumb_func
 283              		.fpu fpv4-sp-d16
 285              	LSM303AGR_ACC_reset:
 286              	.LFB127:
 101:../../core/drivers/LSM303AGR/src/LSM303AGRSensor.c **** 
 102:../../core/drivers/LSM303AGR/src/LSM303AGRSensor.c **** /**
 103:../../core/drivers/LSM303AGR/src/LSM303AGRSensor.c ****  * Resets the LSM303AGR accelerometer
 104:../../core/drivers/LSM303AGR/src/LSM303AGRSensor.c ****  */
 105:../../core/drivers/LSM303AGR/src/LSM303AGRSensor.c **** void LSM303AGR_ACC_reset() {
 287              		.loc 1 105 0
 288              		.cfi_startproc
 289              		@ args = 0, pretend = 0, frame = 0
 290              		@ frame_needed = 0, uses_anonymous_args = 0
 291 0000 08B5     		push	{r3, lr}
 292              	.LCFI9:
 293              		.cfi_def_cfa_offset 8
 294              		.cfi_offset 3, -8
 295              		.cfi_offset 14, -4
 106:../../core/drivers/LSM303AGR/src/LSM303AGRSensor.c **** 	LSM303AGR_setting = LSM303AGR_ACC_BOOT;
 296              		.loc 1 106 0
 297 0002 8021     		movs	r1, #128
 298 0004 034B     		ldr	r3, .L24
 299 0006 1970     		strb	r1, [r3]
 107:../../core/drivers/LSM303AGR/src/LSM303AGRSensor.c **** 	LSM303AGR_writeRegister(LSM303AGR_ACC_CTRL_REG5, LSM303AGR_setting, 0);
ARM GAS  /tmp/ccvi7Lld.s 			page 8


 300              		.loc 1 107 0
 301 0008 0022     		movs	r2, #0
 302 000a 2420     		movs	r0, #36
 303 000c FFF7FEFF 		bl	LSM303AGR_writeRegister
 304              	.LVL26:
 108:../../core/drivers/LSM303AGR/src/LSM303AGRSensor.c **** }
 305              		.loc 1 108 0
 306 0010 08BD     		pop	{r3, pc}
 307              	.L25:
 308 0012 00BF     		.align	2
 309              	.L24:
 310 0014 00000000 		.word	LSM303AGR_setting
 311              		.cfi_endproc
 312              	.LFE127:
 314              		.section	.text.LSM303AGR_MAG_reset,"ax",%progbits
 315              		.align	1
 316              		.global	LSM303AGR_MAG_reset
 317              		.syntax unified
 318              		.thumb
 319              		.thumb_func
 320              		.fpu fpv4-sp-d16
 322              	LSM303AGR_MAG_reset:
 323              	.LFB128:
 109:../../core/drivers/LSM303AGR/src/LSM303AGRSensor.c **** 
 110:../../core/drivers/LSM303AGR/src/LSM303AGRSensor.c **** /**
 111:../../core/drivers/LSM303AGR/src/LSM303AGRSensor.c ****  * Resets the LSM303AGR magnetometer
 112:../../core/drivers/LSM303AGR/src/LSM303AGRSensor.c ****  */
 113:../../core/drivers/LSM303AGR/src/LSM303AGRSensor.c **** void LSM303AGR_MAG_reset() {
 324              		.loc 1 113 0
 325              		.cfi_startproc
 326              		@ args = 0, pretend = 0, frame = 0
 327              		@ frame_needed = 0, uses_anonymous_args = 0
 328 0000 08B5     		push	{r3, lr}
 329              	.LCFI10:
 330              		.cfi_def_cfa_offset 8
 331              		.cfi_offset 3, -8
 332              		.cfi_offset 14, -4
 114:../../core/drivers/LSM303AGR/src/LSM303AGRSensor.c **** 
 115:../../core/drivers/LSM303AGR/src/LSM303AGRSensor.c **** 	LSM303AGR_setting = LSM303AGR_MAG_SOFT_RST;
 333              		.loc 1 115 0
 334 0002 2021     		movs	r1, #32
 335 0004 034B     		ldr	r3, .L28
 336 0006 1970     		strb	r1, [r3]
 116:../../core/drivers/LSM303AGR/src/LSM303AGRSensor.c **** 	LSM303AGR_writeRegister(LSM303AGR_MAG_CFG_REG_A, LSM303AGR_setting, 1);
 337              		.loc 1 116 0
 338 0008 0122     		movs	r2, #1
 339 000a 6020     		movs	r0, #96
 340 000c FFF7FEFF 		bl	LSM303AGR_writeRegister
 341              	.LVL27:
 117:../../core/drivers/LSM303AGR/src/LSM303AGRSensor.c **** 
 118:../../core/drivers/LSM303AGR/src/LSM303AGRSensor.c **** }
 342              		.loc 1 118 0
 343 0010 08BD     		pop	{r3, pc}
 344              	.L29:
 345 0012 00BF     		.align	2
 346              	.L28:
 347 0014 00000000 		.word	LSM303AGR_setting
ARM GAS  /tmp/ccvi7Lld.s 			page 9


 348              		.cfi_endproc
 349              	.LFE128:
 351              		.section	.text.LSM303AGR_powerDownAccelerometer,"ax",%progbits
 352              		.align	1
 353              		.global	LSM303AGR_powerDownAccelerometer
 354              		.syntax unified
 355              		.thumb
 356              		.thumb_func
 357              		.fpu fpv4-sp-d16
 359              	LSM303AGR_powerDownAccelerometer:
 360              	.LFB129:
 119:../../core/drivers/LSM303AGR/src/LSM303AGRSensor.c **** 
 120:../../core/drivers/LSM303AGR/src/LSM303AGRSensor.c **** /**
 121:../../core/drivers/LSM303AGR/src/LSM303AGRSensor.c ****  * Put the accelerometer in power-down mode
 122:../../core/drivers/LSM303AGR/src/LSM303AGRSensor.c ****  */
 123:../../core/drivers/LSM303AGR/src/LSM303AGRSensor.c **** void LSM303AGR_powerDownAccelerometer() {
 361              		.loc 1 123 0
 362              		.cfi_startproc
 363              		@ args = 0, pretend = 0, frame = 0
 364              		@ frame_needed = 0, uses_anonymous_args = 0
 365 0000 08B5     		push	{r3, lr}
 366              	.LCFI11:
 367              		.cfi_def_cfa_offset 8
 368              		.cfi_offset 3, -8
 369              		.cfi_offset 14, -4
 124:../../core/drivers/LSM303AGR/src/LSM303AGRSensor.c **** 
 125:../../core/drivers/LSM303AGR/src/LSM303AGRSensor.c **** 	LSM303AGR_setting = LSM303AGR_ACC_ODR_POWERDOWN | LSM303AGR_ACC_X_EN
 370              		.loc 1 125 0
 371 0002 0721     		movs	r1, #7
 372 0004 034B     		ldr	r3, .L32
 373 0006 1970     		strb	r1, [r3]
 126:../../core/drivers/LSM303AGR/src/LSM303AGRSensor.c **** 			| LSM303AGR_ACC_Y_EN | LSM303AGR_ACC_Z_EN;
 127:../../core/drivers/LSM303AGR/src/LSM303AGRSensor.c **** 	LSM303AGR_writeRegister(LSM303AGR_ACC_CTRL_REG1, LSM303AGR_setting, 0);
 374              		.loc 1 127 0
 375 0008 0022     		movs	r2, #0
 376 000a 2020     		movs	r0, #32
 377 000c FFF7FEFF 		bl	LSM303AGR_writeRegister
 378              	.LVL28:
 128:../../core/drivers/LSM303AGR/src/LSM303AGRSensor.c **** 
 129:../../core/drivers/LSM303AGR/src/LSM303AGRSensor.c **** }
 379              		.loc 1 129 0
 380 0010 08BD     		pop	{r3, pc}
 381              	.L33:
 382 0012 00BF     		.align	2
 383              	.L32:
 384 0014 00000000 		.word	LSM303AGR_setting
 385              		.cfi_endproc
 386              	.LFE129:
 388              		.section	.text.LSM303AGR_powerDownMagnetometer,"ax",%progbits
 389              		.align	1
 390              		.global	LSM303AGR_powerDownMagnetometer
 391              		.syntax unified
 392              		.thumb
 393              		.thumb_func
 394              		.fpu fpv4-sp-d16
 396              	LSM303AGR_powerDownMagnetometer:
 397              	.LFB130:
ARM GAS  /tmp/ccvi7Lld.s 			page 10


 130:../../core/drivers/LSM303AGR/src/LSM303AGRSensor.c **** 
 131:../../core/drivers/LSM303AGR/src/LSM303AGRSensor.c **** /**
 132:../../core/drivers/LSM303AGR/src/LSM303AGRSensor.c ****  * Put the magnetometer in idle mode
 133:../../core/drivers/LSM303AGR/src/LSM303AGRSensor.c ****  */
 134:../../core/drivers/LSM303AGR/src/LSM303AGRSensor.c **** void LSM303AGR_powerDownMagnetometer() {
 398              		.loc 1 134 0
 399              		.cfi_startproc
 400              		@ args = 0, pretend = 0, frame = 0
 401              		@ frame_needed = 0, uses_anonymous_args = 0
 402 0000 08B5     		push	{r3, lr}
 403              	.LCFI12:
 404              		.cfi_def_cfa_offset 8
 405              		.cfi_offset 3, -8
 406              		.cfi_offset 14, -4
 135:../../core/drivers/LSM303AGR/src/LSM303AGRSensor.c **** 
 136:../../core/drivers/LSM303AGR/src/LSM303AGRSensor.c **** 	LSM303AGR_setting = LSM303AGR_MAG_COMP_TEMP_EN | LSM303AGR_MAG_LP_EN
 407              		.loc 1 136 0
 408 0002 9221     		movs	r1, #146
 409 0004 034B     		ldr	r3, .L36
 410 0006 1970     		strb	r1, [r3]
 137:../../core/drivers/LSM303AGR/src/LSM303AGRSensor.c **** 			| LSM303AGR_MAG_ODR_10HZ | LSM303AGR_MAG_MD_IDLE;
 138:../../core/drivers/LSM303AGR/src/LSM303AGRSensor.c **** 	LSM303AGR_writeRegister(LSM303AGR_MAG_CFG_REG_A, LSM303AGR_setting, 1);
 411              		.loc 1 138 0
 412 0008 0122     		movs	r2, #1
 413 000a 6020     		movs	r0, #96
 414 000c FFF7FEFF 		bl	LSM303AGR_writeRegister
 415              	.LVL29:
 139:../../core/drivers/LSM303AGR/src/LSM303AGRSensor.c **** }
 416              		.loc 1 139 0
 417 0010 08BD     		pop	{r3, pc}
 418              	.L37:
 419 0012 00BF     		.align	2
 420              	.L36:
 421 0014 00000000 		.word	LSM303AGR_setting
 422              		.cfi_endproc
 423              	.LFE130:
 425              		.section	.text.LSM303AGR_wakeUpAccelerometer,"ax",%progbits
 426              		.align	1
 427              		.global	LSM303AGR_wakeUpAccelerometer
 428              		.syntax unified
 429              		.thumb
 430              		.thumb_func
 431              		.fpu fpv4-sp-d16
 433              	LSM303AGR_wakeUpAccelerometer:
 434              	.LFB131:
 140:../../core/drivers/LSM303AGR/src/LSM303AGRSensor.c **** 
 141:../../core/drivers/LSM303AGR/src/LSM303AGRSensor.c **** /**
 142:../../core/drivers/LSM303AGR/src/LSM303AGRSensor.c ****  * Wake up the accelerometer from powerdown mode
 143:../../core/drivers/LSM303AGR/src/LSM303AGRSensor.c ****  */
 144:../../core/drivers/LSM303AGR/src/LSM303AGRSensor.c **** void LSM303AGR_wakeUpAccelerometer() {
 435              		.loc 1 144 0
 436              		.cfi_startproc
 437              		@ args = 0, pretend = 0, frame = 0
 438              		@ frame_needed = 0, uses_anonymous_args = 0
 439 0000 08B5     		push	{r3, lr}
 440              	.LCFI13:
 441              		.cfi_def_cfa_offset 8
ARM GAS  /tmp/ccvi7Lld.s 			page 11


 442              		.cfi_offset 3, -8
 443              		.cfi_offset 14, -4
 145:../../core/drivers/LSM303AGR/src/LSM303AGRSensor.c **** 
 146:../../core/drivers/LSM303AGR/src/LSM303AGRSensor.c **** 	LSM303AGR_setting = LSM303AGR_ACC_ODR_10HZ | LSM303AGR_ACC_X_EN
 444              		.loc 1 146 0
 445 0002 2721     		movs	r1, #39
 446 0004 034B     		ldr	r3, .L40
 447 0006 1970     		strb	r1, [r3]
 147:../../core/drivers/LSM303AGR/src/LSM303AGRSensor.c **** 			| LSM303AGR_ACC_Y_EN | LSM303AGR_ACC_Z_EN;
 148:../../core/drivers/LSM303AGR/src/LSM303AGRSensor.c **** 	LSM303AGR_writeRegister(LSM303AGR_ACC_CTRL_REG1, LSM303AGR_setting, 0);
 448              		.loc 1 148 0
 449 0008 0022     		movs	r2, #0
 450 000a 2020     		movs	r0, #32
 451 000c FFF7FEFF 		bl	LSM303AGR_writeRegister
 452              	.LVL30:
 149:../../core/drivers/LSM303AGR/src/LSM303AGRSensor.c **** 
 150:../../core/drivers/LSM303AGR/src/LSM303AGRSensor.c **** }
 453              		.loc 1 150 0
 454 0010 08BD     		pop	{r3, pc}
 455              	.L41:
 456 0012 00BF     		.align	2
 457              	.L40:
 458 0014 00000000 		.word	LSM303AGR_setting
 459              		.cfi_endproc
 460              	.LFE131:
 462              		.section	.text.LSM303AGR_wakeUpMagnetometer,"ax",%progbits
 463              		.align	1
 464              		.global	LSM303AGR_wakeUpMagnetometer
 465              		.syntax unified
 466              		.thumb
 467              		.thumb_func
 468              		.fpu fpv4-sp-d16
 470              	LSM303AGR_wakeUpMagnetometer:
 471              	.LFB132:
 151:../../core/drivers/LSM303AGR/src/LSM303AGRSensor.c **** 
 152:../../core/drivers/LSM303AGR/src/LSM303AGRSensor.c **** /**
 153:../../core/drivers/LSM303AGR/src/LSM303AGRSensor.c ****  * Wake up the magnetometer from idle mode
 154:../../core/drivers/LSM303AGR/src/LSM303AGRSensor.c ****  */
 155:../../core/drivers/LSM303AGR/src/LSM303AGRSensor.c **** void LSM303AGR_wakeUpMagnetometer() {
 472              		.loc 1 155 0
 473              		.cfi_startproc
 474              		@ args = 0, pretend = 0, frame = 0
 475              		@ frame_needed = 0, uses_anonymous_args = 0
 476 0000 08B5     		push	{r3, lr}
 477              	.LCFI14:
 478              		.cfi_def_cfa_offset 8
 479              		.cfi_offset 3, -8
 480              		.cfi_offset 14, -4
 156:../../core/drivers/LSM303AGR/src/LSM303AGRSensor.c **** 
 157:../../core/drivers/LSM303AGR/src/LSM303AGRSensor.c **** 	LSM303AGR_setting = LSM303AGR_MAG_COMP_TEMP_EN | LSM303AGR_MAG_LP_EN
 481              		.loc 1 157 0
 482 0002 9021     		movs	r1, #144
 483 0004 034B     		ldr	r3, .L44
 484 0006 1970     		strb	r1, [r3]
 158:../../core/drivers/LSM303AGR/src/LSM303AGRSensor.c **** 			| LSM303AGR_MAG_ODR_10HZ | LSM303AGR_MAG_MD_CONT;
 159:../../core/drivers/LSM303AGR/src/LSM303AGRSensor.c **** 	LSM303AGR_writeRegister(LSM303AGR_MAG_CFG_REG_A, LSM303AGR_setting, 1);
 485              		.loc 1 159 0
ARM GAS  /tmp/ccvi7Lld.s 			page 12


 486 0008 0122     		movs	r2, #1
 487 000a 6020     		movs	r0, #96
 488 000c FFF7FEFF 		bl	LSM303AGR_writeRegister
 489              	.LVL31:
 160:../../core/drivers/LSM303AGR/src/LSM303AGRSensor.c **** 
 161:../../core/drivers/LSM303AGR/src/LSM303AGRSensor.c **** }
 490              		.loc 1 161 0
 491 0010 08BD     		pop	{r3, pc}
 492              	.L45:
 493 0012 00BF     		.align	2
 494              	.L44:
 495 0014 00000000 		.word	LSM303AGR_setting
 496              		.cfi_endproc
 497              	.LFE132:
 499              		.section	.text.LSM303AGR_ACC_readAccelerationData,"ax",%progbits
 500              		.align	1
 501              		.global	LSM303AGR_ACC_readAccelerationData
 502              		.syntax unified
 503              		.thumb
 504              		.thumb_func
 505              		.fpu fpv4-sp-d16
 507              	LSM303AGR_ACC_readAccelerationData:
 508              	.LFB133:
 162:../../core/drivers/LSM303AGR/src/LSM303AGRSensor.c **** 
 163:../../core/drivers/LSM303AGR/src/LSM303AGRSensor.c **** /**
 164:../../core/drivers/LSM303AGR/src/LSM303AGRSensor.c ****  * Reads the output registers of the accelerometer
 165:../../core/drivers/LSM303AGR/src/LSM303AGRSensor.c ****  * @param pData: a pointer to where the data needs to be stored
 166:../../core/drivers/LSM303AGR/src/LSM303AGRSensor.c ****  */
 167:../../core/drivers/LSM303AGR/src/LSM303AGRSensor.c **** void LSM303AGR_ACC_readAccelerationData(int32_t *pData) {
 509              		.loc 1 167 0
 510              		.cfi_startproc
 511              		@ args = 0, pretend = 0, frame = 0
 512              		@ frame_needed = 0, uses_anonymous_args = 0
 513              	.LVL32:
 514 0000 30B5     		push	{r4, r5, lr}
 515              	.LCFI15:
 516              		.cfi_def_cfa_offset 12
 517              		.cfi_offset 4, -12
 518              		.cfi_offset 5, -8
 519              		.cfi_offset 14, -4
 520 0002 85B0     		sub	sp, sp, #20
 521              	.LCFI16:
 522              		.cfi_def_cfa_offset 32
 523 0004 0446     		mov	r4, r0
 168:../../core/drivers/LSM303AGR/src/LSM303AGRSensor.c **** 	//accRegisterData[6];
 169:../../core/drivers/LSM303AGR/src/LSM303AGRSensor.c **** 	//accRawData[3];
 170:../../core/drivers/LSM303AGR/src/LSM303AGRSensor.c **** 
 171:../../core/drivers/LSM303AGR/src/LSM303AGRSensor.c **** 	//magRegisterData[6];
 172:../../core/drivers/LSM303AGR/src/LSM303AGRSensor.c **** 	//magRawData[3];
 173:../../core/drivers/LSM303AGR/src/LSM303AGRSensor.c **** 	//LSM303AGR_ACC_TEMP_DATA rawData;
 174:../../core/drivers/LSM303AGR/src/LSM303AGRSensor.c **** 
 175:../../core/drivers/LSM303AGR/src/LSM303AGRSensor.c **** 	HAL_I2C_Mem_Read(LSM303AGR_hi2c, LSM303AGR_ACC_I2C_ADDRESS,	LSM303AGR_ACC_MULTI_READ, I2C_MEMADD_S
 524              		.loc 1 175 0
 525 0006 244B     		ldr	r3, .L48
 526 0008 1868     		ldr	r0, [r3]
 527              	.LVL33:
 528 000a 4FF0FF33 		mov	r3, #-1
ARM GAS  /tmp/ccvi7Lld.s 			page 13


 529 000e 0293     		str	r3, [sp, #8]
 530 0010 0623     		movs	r3, #6
 531 0012 0193     		str	r3, [sp, #4]
 532 0014 214D     		ldr	r5, .L48+4
 533 0016 0095     		str	r5, [sp]
 534 0018 0123     		movs	r3, #1
 535 001a A822     		movs	r2, #168
 536 001c 3221     		movs	r1, #50
 537 001e FFF7FEFF 		bl	HAL_I2C_Mem_Read
 538              	.LVL34:
 176:../../core/drivers/LSM303AGR/src/LSM303AGRSensor.c **** 
 177:../../core/drivers/LSM303AGR/src/LSM303AGRSensor.c **** 	accRawData[0] = (accRegisterData[1] << 8)	| accRegisterData[0];
 539              		.loc 1 177 0
 540 0022 6A78     		ldrb	r2, [r5, #1]	@ zero_extendqisi2
 541 0024 2B78     		ldrb	r3, [r5]	@ zero_extendqisi2
 542 0026 43EA0223 		orr	r3, r3, r2, lsl #8
 543 002a 1BB2     		sxth	r3, r3
 544 002c 1C49     		ldr	r1, .L48+8
 545 002e 0B80     		strh	r3, [r1]	@ movhi
 178:../../core/drivers/LSM303AGR/src/LSM303AGRSensor.c **** 	accRawData[1] = (accRegisterData[3] << 8)| accRegisterData[2];
 546              		.loc 1 178 0
 547 0030 E878     		ldrb	r0, [r5, #3]	@ zero_extendqisi2
 548 0032 AA78     		ldrb	r2, [r5, #2]	@ zero_extendqisi2
 549 0034 42EA0022 		orr	r2, r2, r0, lsl #8
 550 0038 4A80     		strh	r2, [r1, #2]	@ movhi
 179:../../core/drivers/LSM303AGR/src/LSM303AGRSensor.c **** 	accRawData[2] = (accRegisterData[5] << 8)| accRegisterData[4];
 551              		.loc 1 179 0
 552 003a 6879     		ldrb	r0, [r5, #5]	@ zero_extendqisi2
 553 003c 2A79     		ldrb	r2, [r5, #4]	@ zero_extendqisi2
 554 003e 42EA0022 		orr	r2, r2, r0, lsl #8
 555 0042 8A80     		strh	r2, [r1, #4]	@ movhi
 180:../../core/drivers/LSM303AGR/src/LSM303AGRSensor.c **** 
 181:../../core/drivers/LSM303AGR/src/LSM303AGRSensor.c **** 	/* Apply proper shift and sensitivity */
 182:../../core/drivers/LSM303AGR/src/LSM303AGRSensor.c **** 	// Normal mode 10-bit, shift = 6 and FS = 2
 183:../../core/drivers/LSM303AGR/src/LSM303AGRSensor.c **** 	pData[0] = (int32_t) (((accRawData[0] >> 6) * 3900 + 500) / 1000);
 556              		.loc 1 183 0
 557 0044 9B11     		asrs	r3, r3, #6
 558 0046 40F63C72 		movw	r2, #3900
 559 004a 02FB03F3 		mul	r3, r2, r3
 560 004e 03F5FA73 		add	r3, r3, #500
 561 0052 1448     		ldr	r0, .L48+12
 562 0054 80FB03C5 		smull	ip, r5, r0, r3
 563 0058 DB17     		asrs	r3, r3, #31
 564 005a C3EBA513 		rsb	r3, r3, r5, asr #6
 565 005e 2360     		str	r3, [r4]
 184:../../core/drivers/LSM303AGR/src/LSM303AGRSensor.c **** 	pData[1] = (int32_t) (((accRawData[1] >> 6) * 3900 + 500) / 1000);
 566              		.loc 1 184 0
 567 0060 B1F90230 		ldrsh	r3, [r1, #2]
 568 0064 9B11     		asrs	r3, r3, #6
 569 0066 02FB03F3 		mul	r3, r2, r3
 570 006a 03F5FA73 		add	r3, r3, #500
 571 006e 80FB03C5 		smull	ip, r5, r0, r3
 572 0072 DB17     		asrs	r3, r3, #31
 573 0074 C3EBA513 		rsb	r3, r3, r5, asr #6
 574 0078 6360     		str	r3, [r4, #4]
 185:../../core/drivers/LSM303AGR/src/LSM303AGRSensor.c **** 	pData[2] = (int32_t) (((accRawData[2] >> 6) * 3900 + 500) / 1000);
 575              		.loc 1 185 0
ARM GAS  /tmp/ccvi7Lld.s 			page 14


 576 007a B1F90430 		ldrsh	r3, [r1, #4]
 577 007e 9B11     		asrs	r3, r3, #6
 578 0080 02FB03F2 		mul	r2, r2, r3
 579 0084 02F5FA72 		add	r2, r2, #500
 580 0088 80FB0230 		smull	r3, r0, r0, r2
 581 008c D217     		asrs	r2, r2, #31
 582 008e C2EBA012 		rsb	r2, r2, r0, asr #6
 583 0092 A260     		str	r2, [r4, #8]
 186:../../core/drivers/LSM303AGR/src/LSM303AGRSensor.c **** 
 187:../../core/drivers/LSM303AGR/src/LSM303AGRSensor.c **** }
 584              		.loc 1 187 0
 585 0094 05B0     		add	sp, sp, #20
 586              	.LCFI17:
 587              		.cfi_def_cfa_offset 12
 588              		@ sp needed
 589 0096 30BD     		pop	{r4, r5, pc}
 590              	.LVL35:
 591              	.L49:
 592              		.align	2
 593              	.L48:
 594 0098 00000000 		.word	LSM303AGR_hi2c
 595 009c 00000000 		.word	accRegisterData
 596 00a0 00000000 		.word	accRawData
 597 00a4 D34D6210 		.word	274877907
 598              		.cfi_endproc
 599              	.LFE133:
 601              		.section	.text.LSM303AGR_MAG_readMagneticData,"ax",%progbits
 602              		.align	1
 603              		.global	LSM303AGR_MAG_readMagneticData
 604              		.syntax unified
 605              		.thumb
 606              		.thumb_func
 607              		.fpu fpv4-sp-d16
 609              	LSM303AGR_MAG_readMagneticData:
 610              	.LFB134:
 188:../../core/drivers/LSM303AGR/src/LSM303AGRSensor.c **** 
 189:../../core/drivers/LSM303AGR/src/LSM303AGRSensor.c **** /**
 190:../../core/drivers/LSM303AGR/src/LSM303AGRSensor.c ****  * Reads the output registers of the magnetometer and applies the sensitivity
 191:../../core/drivers/LSM303AGR/src/LSM303AGRSensor.c ****  * @param pData: a pointer to where the data needs to be stored
 192:../../core/drivers/LSM303AGR/src/LSM303AGRSensor.c ****  */
 193:../../core/drivers/LSM303AGR/src/LSM303AGRSensor.c **** void LSM303AGR_MAG_readMagneticData(int32_t *pData) {
 611              		.loc 1 193 0
 612              		.cfi_startproc
 613              		@ args = 0, pretend = 0, frame = 0
 614              		@ frame_needed = 0, uses_anonymous_args = 0
 615              	.LVL36:
 616 0000 30B5     		push	{r4, r5, lr}
 617              	.LCFI18:
 618              		.cfi_def_cfa_offset 12
 619              		.cfi_offset 4, -12
 620              		.cfi_offset 5, -8
 621              		.cfi_offset 14, -4
 622 0002 85B0     		sub	sp, sp, #20
 623              	.LCFI19:
 624              		.cfi_def_cfa_offset 32
 625 0004 0446     		mov	r4, r0
 194:../../core/drivers/LSM303AGR/src/LSM303AGRSensor.c **** 	//magRegisterData[6];
ARM GAS  /tmp/ccvi7Lld.s 			page 15


 195:../../core/drivers/LSM303AGR/src/LSM303AGRSensor.c **** 		//magRawData[3];
 196:../../core/drivers/LSM303AGR/src/LSM303AGRSensor.c **** 		//LSM303AGR_ACC_TEMP_DATA rawData;
 197:../../core/drivers/LSM303AGR/src/LSM303AGRSensor.c **** 
 198:../../core/drivers/LSM303AGR/src/LSM303AGRSensor.c **** 	//LSM303AGR_MAG_TEMP_DATA rawData;
 199:../../core/drivers/LSM303AGR/src/LSM303AGRSensor.c **** 
 200:../../core/drivers/LSM303AGR/src/LSM303AGRSensor.c **** 	HAL_I2C_Mem_Read(LSM303AGR_hi2c, LSM303AGR_MAG_I2C_ADDRESS,
 626              		.loc 1 200 0
 627 0006 224B     		ldr	r3, .L52
 628 0008 1868     		ldr	r0, [r3]
 629              	.LVL37:
 630 000a 4FF0FF33 		mov	r3, #-1
 631 000e 0293     		str	r3, [sp, #8]
 632 0010 0623     		movs	r3, #6
 633 0012 0193     		str	r3, [sp, #4]
 634 0014 1F4D     		ldr	r5, .L52+4
 635 0016 0095     		str	r5, [sp]
 636 0018 0123     		movs	r3, #1
 637 001a E822     		movs	r2, #232
 638 001c 3C21     		movs	r1, #60
 639 001e FFF7FEFF 		bl	HAL_I2C_Mem_Read
 640              	.LVL38:
 201:../../core/drivers/LSM303AGR/src/LSM303AGRSensor.c **** 	LSM303AGR_MAG_MULTI_READ, I2C_MEMADD_SIZE_8BIT, magRegisterData,
 202:../../core/drivers/LSM303AGR/src/LSM303AGRSensor.c **** 			sizeof(magRegisterData), HAL_MAX_DELAY);
 203:../../core/drivers/LSM303AGR/src/LSM303AGRSensor.c **** 
 204:../../core/drivers/LSM303AGR/src/LSM303AGRSensor.c **** 	magRawData[0] = (magRegisterData[1] << 8)
 641              		.loc 1 204 0
 642 0022 6A78     		ldrb	r2, [r5, #1]	@ zero_extendqisi2
 205:../../core/drivers/LSM303AGR/src/LSM303AGRSensor.c **** 			| magRegisterData[0];
 643              		.loc 1 205 0
 644 0024 2B78     		ldrb	r3, [r5]	@ zero_extendqisi2
 645 0026 43EA0223 		orr	r3, r3, r2, lsl #8
 646 002a 1BB2     		sxth	r3, r3
 204:../../core/drivers/LSM303AGR/src/LSM303AGRSensor.c **** 			| magRegisterData[0];
 647              		.loc 1 204 0
 648 002c 1A4A     		ldr	r2, .L52+8
 649 002e 1380     		strh	r3, [r2]	@ movhi
 206:../../core/drivers/LSM303AGR/src/LSM303AGRSensor.c **** 	magRawData[1] = (magRegisterData[3] << 8)
 650              		.loc 1 206 0
 651 0030 E878     		ldrb	r0, [r5, #3]	@ zero_extendqisi2
 207:../../core/drivers/LSM303AGR/src/LSM303AGRSensor.c **** 			| magRegisterData[2];
 652              		.loc 1 207 0
 653 0032 A978     		ldrb	r1, [r5, #2]	@ zero_extendqisi2
 654 0034 41EA0021 		orr	r1, r1, r0, lsl #8
 206:../../core/drivers/LSM303AGR/src/LSM303AGRSensor.c **** 	magRawData[1] = (magRegisterData[3] << 8)
 655              		.loc 1 206 0
 656 0038 5180     		strh	r1, [r2, #2]	@ movhi
 208:../../core/drivers/LSM303AGR/src/LSM303AGRSensor.c **** 	magRawData[2] = (magRegisterData[5] << 8)
 657              		.loc 1 208 0
 658 003a 6879     		ldrb	r0, [r5, #5]	@ zero_extendqisi2
 209:../../core/drivers/LSM303AGR/src/LSM303AGRSensor.c **** 			| magRegisterData[4];
 659              		.loc 1 209 0
 660 003c 2979     		ldrb	r1, [r5, #4]	@ zero_extendqisi2
 661 003e 41EA0021 		orr	r1, r1, r0, lsl #8
 208:../../core/drivers/LSM303AGR/src/LSM303AGRSensor.c **** 	magRawData[2] = (magRegisterData[5] << 8)
 662              		.loc 1 208 0
 663 0042 9180     		strh	r1, [r2, #4]	@ movhi
 210:../../core/drivers/LSM303AGR/src/LSM303AGRSensor.c **** 
ARM GAS  /tmp/ccvi7Lld.s 			page 16


 211:../../core/drivers/LSM303AGR/src/LSM303AGRSensor.c **** 	/* Calculate the data. */
 212:../../core/drivers/LSM303AGR/src/LSM303AGRSensor.c **** 	pData[0] = (int32_t) (magRawData[0] * 1.5f);
 664              		.loc 1 212 0
 665 0044 07EE903A 		vmov	s15, r3	@ int
 666 0048 F8EEE77A 		vcvt.f32.s32	s15, s15
 667 004c F7EE086A 		vmov.f32	s13, #1.5e+0
 668 0050 67EEA67A 		vmul.f32	s15, s15, s13
 669 0054 FDEEE77A 		vcvt.s32.f32	s15, s15
 670 0058 C4ED007A 		vstr.32	s15, [r4]	@ int
 213:../../core/drivers/LSM303AGR/src/LSM303AGRSensor.c **** 	pData[1] = (int32_t) (magRawData[1] * 1.5f);
 671              		.loc 1 213 0
 672 005c B2F90230 		ldrsh	r3, [r2, #2]
 673 0060 07EE103A 		vmov	s14, r3	@ int
 674 0064 B8EEC77A 		vcvt.f32.s32	s14, s14
 675 0068 27EE267A 		vmul.f32	s14, s14, s13
 676 006c BDEEC77A 		vcvt.s32.f32	s14, s14
 677 0070 84ED017A 		vstr.32	s14, [r4, #4]	@ int
 214:../../core/drivers/LSM303AGR/src/LSM303AGRSensor.c **** 	pData[2] = (int32_t) (magRawData[2] * 1.5f);
 678              		.loc 1 214 0
 679 0074 B2F90430 		ldrsh	r3, [r2, #4]
 680 0078 07EE903A 		vmov	s15, r3	@ int
 681 007c F8EEE77A 		vcvt.f32.s32	s15, s15
 682 0080 67EEA67A 		vmul.f32	s15, s15, s13
 683 0084 FDEEE77A 		vcvt.s32.f32	s15, s15
 684 0088 C4ED027A 		vstr.32	s15, [r4, #8]	@ int
 215:../../core/drivers/LSM303AGR/src/LSM303AGRSensor.c **** 
 216:../../core/drivers/LSM303AGR/src/LSM303AGRSensor.c **** }
 685              		.loc 1 216 0
 686 008c 05B0     		add	sp, sp, #20
 687              	.LCFI20:
 688              		.cfi_def_cfa_offset 12
 689              		@ sp needed
 690 008e 30BD     		pop	{r4, r5, pc}
 691              	.LVL39:
 692              	.L53:
 693              		.align	2
 694              	.L52:
 695 0090 00000000 		.word	LSM303AGR_hi2c
 696 0094 00000000 		.word	magRegisterData
 697 0098 00000000 		.word	magRawData
 698              		.cfi_endproc
 699              	.LFE134:
 701              		.section	.text.LSM303AGR_MAG_readMagneticRawData,"ax",%progbits
 702              		.align	1
 703              		.global	LSM303AGR_MAG_readMagneticRawData
 704              		.syntax unified
 705              		.thumb
 706              		.thumb_func
 707              		.fpu fpv4-sp-d16
 709              	LSM303AGR_MAG_readMagneticRawData:
 710              	.LFB135:
 217:../../core/drivers/LSM303AGR/src/LSM303AGRSensor.c **** 
 218:../../core/drivers/LSM303AGR/src/LSM303AGRSensor.c **** /**
 219:../../core/drivers/LSM303AGR/src/LSM303AGRSensor.c ****  * Read the output registers of the magnetometer
 220:../../core/drivers/LSM303AGR/src/LSM303AGRSensor.c ****  * @param pData: a pointer to where the data needs to be stored
 221:../../core/drivers/LSM303AGR/src/LSM303AGRSensor.c ****  */
 222:../../core/drivers/LSM303AGR/src/LSM303AGRSensor.c **** void LSM303AGR_MAG_readMagneticRawData(uint16_t *pData) {
ARM GAS  /tmp/ccvi7Lld.s 			page 17


 711              		.loc 1 222 0
 712              		.cfi_startproc
 713              		@ args = 0, pretend = 0, frame = 0
 714              		@ frame_needed = 0, uses_anonymous_args = 0
 715              	.LVL40:
 716 0000 30B5     		push	{r4, r5, lr}
 717              	.LCFI21:
 718              		.cfi_def_cfa_offset 12
 719              		.cfi_offset 4, -12
 720              		.cfi_offset 5, -8
 721              		.cfi_offset 14, -4
 722 0002 85B0     		sub	sp, sp, #20
 723              	.LCFI22:
 724              		.cfi_def_cfa_offset 32
 725 0004 0546     		mov	r5, r0
 223:../../core/drivers/LSM303AGR/src/LSM303AGRSensor.c **** 	//magRegisterData[6];
 224:../../core/drivers/LSM303AGR/src/LSM303AGRSensor.c **** 			//magRawData[3];
 225:../../core/drivers/LSM303AGR/src/LSM303AGRSensor.c **** 	//LSM303AGR_MAG_TEMP_DATA rawData;
 226:../../core/drivers/LSM303AGR/src/LSM303AGRSensor.c **** 
 227:../../core/drivers/LSM303AGR/src/LSM303AGRSensor.c **** 	HAL_I2C_Mem_Read(LSM303AGR_hi2c, LSM303AGR_MAG_I2C_ADDRESS,
 726              		.loc 1 227 0
 727 0006 0F4B     		ldr	r3, .L56
 728 0008 1868     		ldr	r0, [r3]
 729              	.LVL41:
 730 000a 4FF0FF33 		mov	r3, #-1
 731 000e 0293     		str	r3, [sp, #8]
 732 0010 0623     		movs	r3, #6
 733 0012 0193     		str	r3, [sp, #4]
 734 0014 0C4C     		ldr	r4, .L56+4
 735 0016 0094     		str	r4, [sp]
 736 0018 0123     		movs	r3, #1
 737 001a E822     		movs	r2, #232
 738 001c 3C21     		movs	r1, #60
 739 001e FFF7FEFF 		bl	HAL_I2C_Mem_Read
 740              	.LVL42:
 228:../../core/drivers/LSM303AGR/src/LSM303AGRSensor.c **** 	LSM303AGR_MAG_MULTI_READ, I2C_MEMADD_SIZE_8BIT, magRegisterData,
 229:../../core/drivers/LSM303AGR/src/LSM303AGRSensor.c **** 			sizeof(magRegisterData), HAL_MAX_DELAY);
 230:../../core/drivers/LSM303AGR/src/LSM303AGRSensor.c **** 
 231:../../core/drivers/LSM303AGR/src/LSM303AGRSensor.c **** 	pData[0] = (magRegisterData[1] << 8)
 741              		.loc 1 231 0
 742 0022 6278     		ldrb	r2, [r4, #1]	@ zero_extendqisi2
 232:../../core/drivers/LSM303AGR/src/LSM303AGRSensor.c **** 			| magRegisterData[0];
 743              		.loc 1 232 0
 744 0024 2378     		ldrb	r3, [r4]	@ zero_extendqisi2
 745 0026 43EA0223 		orr	r3, r3, r2, lsl #8
 231:../../core/drivers/LSM303AGR/src/LSM303AGRSensor.c **** 			| magRegisterData[0];
 746              		.loc 1 231 0
 747 002a 2B80     		strh	r3, [r5]	@ movhi
 233:../../core/drivers/LSM303AGR/src/LSM303AGRSensor.c **** 	pData[1] = (magRegisterData[3] << 8)
 748              		.loc 1 233 0
 749 002c E278     		ldrb	r2, [r4, #3]	@ zero_extendqisi2
 234:../../core/drivers/LSM303AGR/src/LSM303AGRSensor.c **** 			| magRegisterData[2];
 750              		.loc 1 234 0
 751 002e A378     		ldrb	r3, [r4, #2]	@ zero_extendqisi2
 752 0030 43EA0223 		orr	r3, r3, r2, lsl #8
 233:../../core/drivers/LSM303AGR/src/LSM303AGRSensor.c **** 	pData[1] = (magRegisterData[3] << 8)
 753              		.loc 1 233 0
ARM GAS  /tmp/ccvi7Lld.s 			page 18


 754 0034 6B80     		strh	r3, [r5, #2]	@ movhi
 235:../../core/drivers/LSM303AGR/src/LSM303AGRSensor.c **** 	pData[2] = (magRegisterData[5] << 8)
 755              		.loc 1 235 0
 756 0036 6279     		ldrb	r2, [r4, #5]	@ zero_extendqisi2
 236:../../core/drivers/LSM303AGR/src/LSM303AGRSensor.c **** 			| magRegisterData[4];
 757              		.loc 1 236 0
 758 0038 2379     		ldrb	r3, [r4, #4]	@ zero_extendqisi2
 759 003a 43EA0223 		orr	r3, r3, r2, lsl #8
 235:../../core/drivers/LSM303AGR/src/LSM303AGRSensor.c **** 	pData[2] = (magRegisterData[5] << 8)
 760              		.loc 1 235 0
 761 003e AB80     		strh	r3, [r5, #4]	@ movhi
 237:../../core/drivers/LSM303AGR/src/LSM303AGRSensor.c **** 
 238:../../core/drivers/LSM303AGR/src/LSM303AGRSensor.c **** 
 239:../../core/drivers/LSM303AGR/src/LSM303AGRSensor.c **** }
 762              		.loc 1 239 0
 763 0040 05B0     		add	sp, sp, #20
 764              	.LCFI23:
 765              		.cfi_def_cfa_offset 12
 766              		@ sp needed
 767 0042 30BD     		pop	{r4, r5, pc}
 768              	.LVL43:
 769              	.L57:
 770              		.align	2
 771              	.L56:
 772 0044 00000000 		.word	LSM303AGR_hi2c
 773 0048 00000000 		.word	magRegisterData
 774              		.cfi_endproc
 775              	.LFE135:
 777              		.section	.text.LSM303AGR_ACC_readAccelerationRawData,"ax",%progbits
 778              		.align	1
 779              		.global	LSM303AGR_ACC_readAccelerationRawData
 780              		.syntax unified
 781              		.thumb
 782              		.thumb_func
 783              		.fpu fpv4-sp-d16
 785              	LSM303AGR_ACC_readAccelerationRawData:
 786              	.LFB136:
 240:../../core/drivers/LSM303AGR/src/LSM303AGRSensor.c **** 
 241:../../core/drivers/LSM303AGR/src/LSM303AGRSensor.c **** void LSM303AGR_ACC_readAccelerationRawData(uint16_t *pData) {
 787              		.loc 1 241 0
 788              		.cfi_startproc
 789              		@ args = 0, pretend = 0, frame = 0
 790              		@ frame_needed = 0, uses_anonymous_args = 0
 791              	.LVL44:
 792 0000 30B5     		push	{r4, r5, lr}
 793              	.LCFI24:
 794              		.cfi_def_cfa_offset 12
 795              		.cfi_offset 4, -12
 796              		.cfi_offset 5, -8
 797              		.cfi_offset 14, -4
 798 0002 85B0     		sub	sp, sp, #20
 799              	.LCFI25:
 800              		.cfi_def_cfa_offset 32
 801 0004 0546     		mov	r5, r0
 242:../../core/drivers/LSM303AGR/src/LSM303AGRSensor.c **** 	//accRegisterData[6];
 243:../../core/drivers/LSM303AGR/src/LSM303AGRSensor.c **** 	//accRawData[3];
 244:../../core/drivers/LSM303AGR/src/LSM303AGRSensor.c **** 
ARM GAS  /tmp/ccvi7Lld.s 			page 19


 245:../../core/drivers/LSM303AGR/src/LSM303AGRSensor.c **** 	//magRegisterData[6];
 246:../../core/drivers/LSM303AGR/src/LSM303AGRSensor.c **** 	//magRawData[3];
 247:../../core/drivers/LSM303AGR/src/LSM303AGRSensor.c **** 	//LSM303AGR_ACC_TEMP_DATA rawData;
 248:../../core/drivers/LSM303AGR/src/LSM303AGRSensor.c **** 
 249:../../core/drivers/LSM303AGR/src/LSM303AGRSensor.c **** 	HAL_I2C_Mem_Read(LSM303AGR_hi2c, LSM303AGR_ACC_I2C_ADDRESS,	LSM303AGR_ACC_MULTI_READ, I2C_MEMADD_S
 802              		.loc 1 249 0
 803 0006 0F4B     		ldr	r3, .L60
 804 0008 1868     		ldr	r0, [r3]
 805              	.LVL45:
 806 000a 4FF0FF33 		mov	r3, #-1
 807 000e 0293     		str	r3, [sp, #8]
 808 0010 0623     		movs	r3, #6
 809 0012 0193     		str	r3, [sp, #4]
 810 0014 0C4C     		ldr	r4, .L60+4
 811 0016 0094     		str	r4, [sp]
 812 0018 0123     		movs	r3, #1
 813 001a A822     		movs	r2, #168
 814 001c 3221     		movs	r1, #50
 815 001e FFF7FEFF 		bl	HAL_I2C_Mem_Read
 816              	.LVL46:
 250:../../core/drivers/LSM303AGR/src/LSM303AGRSensor.c **** 
 251:../../core/drivers/LSM303AGR/src/LSM303AGRSensor.c **** 	pData[0] = (accRegisterData[1] << 8)	| accRegisterData[0];
 817              		.loc 1 251 0
 818 0022 6278     		ldrb	r2, [r4, #1]	@ zero_extendqisi2
 819 0024 2378     		ldrb	r3, [r4]	@ zero_extendqisi2
 820 0026 43EA0223 		orr	r3, r3, r2, lsl #8
 821 002a 2B80     		strh	r3, [r5]	@ movhi
 252:../../core/drivers/LSM303AGR/src/LSM303AGRSensor.c **** 	pData[1] = (accRegisterData[3] << 8)| accRegisterData[2];
 822              		.loc 1 252 0
 823 002c E278     		ldrb	r2, [r4, #3]	@ zero_extendqisi2
 824 002e A378     		ldrb	r3, [r4, #2]	@ zero_extendqisi2
 825 0030 43EA0223 		orr	r3, r3, r2, lsl #8
 826 0034 6B80     		strh	r3, [r5, #2]	@ movhi
 253:../../core/drivers/LSM303AGR/src/LSM303AGRSensor.c **** 	pData[2] = (accRegisterData[5] << 8)| accRegisterData[4];
 827              		.loc 1 253 0
 828 0036 6279     		ldrb	r2, [r4, #5]	@ zero_extendqisi2
 829 0038 2379     		ldrb	r3, [r4, #4]	@ zero_extendqisi2
 830 003a 43EA0223 		orr	r3, r3, r2, lsl #8
 831 003e AB80     		strh	r3, [r5, #4]	@ movhi
 254:../../core/drivers/LSM303AGR/src/LSM303AGRSensor.c **** 
 255:../../core/drivers/LSM303AGR/src/LSM303AGRSensor.c **** 	/* Apply proper shift and sensitivity */
 256:../../core/drivers/LSM303AGR/src/LSM303AGRSensor.c **** 	// Normal mode 10-bit, shift = 6 and FS = 2
 257:../../core/drivers/LSM303AGR/src/LSM303AGRSensor.c **** 	//pData[0] = (int32_t) (((accRawData[0] >> 6) * 3900 + 500) / 1000);
 258:../../core/drivers/LSM303AGR/src/LSM303AGRSensor.c **** 	//pData[1] = (int32_t) (((accRawData[1] >> 6) * 3900 + 500) / 1000);
 259:../../core/drivers/LSM303AGR/src/LSM303AGRSensor.c **** 	//pData[2] = (int32_t) (((accRawData[2] >> 6) * 3900 + 500) / 1000);
 260:../../core/drivers/LSM303AGR/src/LSM303AGRSensor.c **** 
 261:../../core/drivers/LSM303AGR/src/LSM303AGRSensor.c **** }
 832              		.loc 1 261 0
 833 0040 05B0     		add	sp, sp, #20
 834              	.LCFI26:
 835              		.cfi_def_cfa_offset 12
 836              		@ sp needed
 837 0042 30BD     		pop	{r4, r5, pc}
 838              	.LVL47:
 839              	.L61:
 840              		.align	2
 841              	.L60:
ARM GAS  /tmp/ccvi7Lld.s 			page 20


 842 0044 00000000 		.word	LSM303AGR_hi2c
 843 0048 00000000 		.word	accRegisterData
 844              		.cfi_endproc
 845              	.LFE136:
 847              		.comm	magRawData,6,4
 848              		.comm	magRegisterData,6,4
 849              		.comm	accRawData,6,4
 850              		.comm	accRegisterData,6,4
 851              		.comm	LSM303AGR_hi2c,4,4
 852              		.comm	LSM303AGR_setting,1,1
 853              		.text
 854              	.Letext0:
 855              		.file 2 "/home/mats/gcc-arm-none-eabi-7-2018-q2-update/arm-none-eabi/include/machine/_default_type
 856              		.file 3 "/home/mats/gcc-arm-none-eabi-7-2018-q2-update/arm-none-eabi/include/sys/_stdint.h"
 857              		.file 4 "../../core/ST/CMSIS/Include/core_cm4.h"
 858              		.file 5 "../../core/ST/CMSIS/Device/ST/STM32L4xx/Include/system_stm32l4xx.h"
 859              		.file 6 "../../core/ST/CMSIS/Device/ST/STM32L4xx/Include/stm32l496xx.h"
 860              		.file 7 "../../core/ST/STM32L4xx_HAL_Driver/Inc/stm32l4xx_hal_def.h"
 861              		.file 8 "../../core/ST/STM32L4xx_HAL_Driver/Inc/stm32l4xx_hal_dma.h"
 862              		.file 9 "../../core/ST/STM32L4xx_HAL_Driver/Inc/stm32l4xx_hal_i2c.h"
 863              		.file 10 "../../core/ST/STM32L4xx_HAL_Driver/Inc/stm32l4xx_hal.h"
 864              		.file 11 "../../core/drivers/LSM303AGR/inc/LSM303AGRSensor.h"
ARM GAS  /tmp/ccvi7Lld.s 			page 21


DEFINED SYMBOLS
                            *ABS*:0000000000000000 LSM303AGRSensor.c
     /tmp/ccvi7Lld.s:18     .text.LSM303AGR_setI2CInterface:0000000000000000 $t
     /tmp/ccvi7Lld.s:25     .text.LSM303AGR_setI2CInterface:0000000000000000 LSM303AGR_setI2CInterface
     /tmp/ccvi7Lld.s:42     .text.LSM303AGR_setI2CInterface:0000000000000008 $d
                            *COM*:0000000000000004 LSM303AGR_hi2c
     /tmp/ccvi7Lld.s:47     .text.LSM303AGR_readRegister:0000000000000000 $t
     /tmp/ccvi7Lld.s:54     .text.LSM303AGR_readRegister:0000000000000000 LSM303AGR_readRegister
     /tmp/ccvi7Lld.s:123    .text.LSM303AGR_readRegister:0000000000000050 $d
     /tmp/ccvi7Lld.s:128    .text.LSM303AGR_writeRegister:0000000000000000 $t
     /tmp/ccvi7Lld.s:135    .text.LSM303AGR_writeRegister:0000000000000000 LSM303AGR_writeRegister
     /tmp/ccvi7Lld.s:204    .text.LSM303AGR_writeRegister:0000000000000050 $d
     /tmp/ccvi7Lld.s:209    .text.LSM303AGR_init:0000000000000000 $t
     /tmp/ccvi7Lld.s:216    .text.LSM303AGR_init:0000000000000000 LSM303AGR_init
     /tmp/ccvi7Lld.s:273    .text.LSM303AGR_init:0000000000000044 $d
                            *COM*:0000000000000001 LSM303AGR_setting
     /tmp/ccvi7Lld.s:278    .text.LSM303AGR_ACC_reset:0000000000000000 $t
     /tmp/ccvi7Lld.s:285    .text.LSM303AGR_ACC_reset:0000000000000000 LSM303AGR_ACC_reset
     /tmp/ccvi7Lld.s:310    .text.LSM303AGR_ACC_reset:0000000000000014 $d
     /tmp/ccvi7Lld.s:315    .text.LSM303AGR_MAG_reset:0000000000000000 $t
     /tmp/ccvi7Lld.s:322    .text.LSM303AGR_MAG_reset:0000000000000000 LSM303AGR_MAG_reset
     /tmp/ccvi7Lld.s:347    .text.LSM303AGR_MAG_reset:0000000000000014 $d
     /tmp/ccvi7Lld.s:352    .text.LSM303AGR_powerDownAccelerometer:0000000000000000 $t
     /tmp/ccvi7Lld.s:359    .text.LSM303AGR_powerDownAccelerometer:0000000000000000 LSM303AGR_powerDownAccelerometer
     /tmp/ccvi7Lld.s:384    .text.LSM303AGR_powerDownAccelerometer:0000000000000014 $d
     /tmp/ccvi7Lld.s:389    .text.LSM303AGR_powerDownMagnetometer:0000000000000000 $t
     /tmp/ccvi7Lld.s:396    .text.LSM303AGR_powerDownMagnetometer:0000000000000000 LSM303AGR_powerDownMagnetometer
     /tmp/ccvi7Lld.s:421    .text.LSM303AGR_powerDownMagnetometer:0000000000000014 $d
     /tmp/ccvi7Lld.s:426    .text.LSM303AGR_wakeUpAccelerometer:0000000000000000 $t
     /tmp/ccvi7Lld.s:433    .text.LSM303AGR_wakeUpAccelerometer:0000000000000000 LSM303AGR_wakeUpAccelerometer
     /tmp/ccvi7Lld.s:458    .text.LSM303AGR_wakeUpAccelerometer:0000000000000014 $d
     /tmp/ccvi7Lld.s:463    .text.LSM303AGR_wakeUpMagnetometer:0000000000000000 $t
     /tmp/ccvi7Lld.s:470    .text.LSM303AGR_wakeUpMagnetometer:0000000000000000 LSM303AGR_wakeUpMagnetometer
     /tmp/ccvi7Lld.s:495    .text.LSM303AGR_wakeUpMagnetometer:0000000000000014 $d
     /tmp/ccvi7Lld.s:500    .text.LSM303AGR_ACC_readAccelerationData:0000000000000000 $t
     /tmp/ccvi7Lld.s:507    .text.LSM303AGR_ACC_readAccelerationData:0000000000000000 LSM303AGR_ACC_readAccelerationData
     /tmp/ccvi7Lld.s:594    .text.LSM303AGR_ACC_readAccelerationData:0000000000000098 $d
                            *COM*:0000000000000006 accRegisterData
                            *COM*:0000000000000006 accRawData
     /tmp/ccvi7Lld.s:602    .text.LSM303AGR_MAG_readMagneticData:0000000000000000 $t
     /tmp/ccvi7Lld.s:609    .text.LSM303AGR_MAG_readMagneticData:0000000000000000 LSM303AGR_MAG_readMagneticData
     /tmp/ccvi7Lld.s:695    .text.LSM303AGR_MAG_readMagneticData:0000000000000090 $d
                            *COM*:0000000000000006 magRegisterData
                            *COM*:0000000000000006 magRawData
     /tmp/ccvi7Lld.s:702    .text.LSM303AGR_MAG_readMagneticRawData:0000000000000000 $t
     /tmp/ccvi7Lld.s:709    .text.LSM303AGR_MAG_readMagneticRawData:0000000000000000 LSM303AGR_MAG_readMagneticRawData
     /tmp/ccvi7Lld.s:772    .text.LSM303AGR_MAG_readMagneticRawData:0000000000000044 $d
     /tmp/ccvi7Lld.s:778    .text.LSM303AGR_ACC_readAccelerationRawData:0000000000000000 $t
     /tmp/ccvi7Lld.s:785    .text.LSM303AGR_ACC_readAccelerationRawData:0000000000000000 LSM303AGR_ACC_readAccelerationRawData
     /tmp/ccvi7Lld.s:842    .text.LSM303AGR_ACC_readAccelerationRawData:0000000000000044 $d

UNDEFINED SYMBOLS
HAL_I2C_Mem_Read
HAL_I2C_Mem_Write
