ARM GAS  /tmp/cc5nGSvN.s 			page 1


   1              		.cpu cortex-m4
   2              		.eabi_attribute 27, 1
   3              		.eabi_attribute 28, 1
   4              		.eabi_attribute 20, 1
   5              		.eabi_attribute 21, 1
   6              		.eabi_attribute 23, 3
   7              		.eabi_attribute 24, 1
   8              		.eabi_attribute 25, 1
   9              		.eabi_attribute 26, 1
  10              		.eabi_attribute 30, 1
  11              		.eabi_attribute 34, 1
  12              		.eabi_attribute 18, 4
  13              		.file	"octa.c"
  14              		.text
  15              	.Ltext0:
  16              		.cfi_sections	.debug_frame
  17              		.section	.text.OCTA_Initialize_Common_Peripherals,"ax",%progbits
  18              		.align	1
  19              		.global	OCTA_Initialize_Common_Peripherals
  20              		.syntax unified
  21              		.thumb
  22              		.thumb_func
  23              		.fpu fpv4-sp-d16
  25              	OCTA_Initialize_Common_Peripherals:
  26              	.LFB129:
  27              		.file 1 "../../core/platform/octa/src/octa.c"
   1:../../core/platform/octa/src/octa.c **** #include "octa.h"
   2:../../core/platform/octa/src/octa.c **** 
   3:../../core/platform/octa/src/octa.c **** void OCTA_Initialize_Platform(void)
   4:../../core/platform/octa/src/octa.c **** {
   5:../../core/platform/octa/src/octa.c ****     //GPIO, IWDG, USB_UART(Logging)
   6:../../core/platform/octa/src/octa.c ****     OCTA_Initialize_Common_Peripherals();
   7:../../core/platform/octa/src/octa.c ****     //P1 UART, I2C, SPI & GPIO handles
   8:../../core/platform/octa/src/octa.c ****     OCTA_Initialize_P1_Peripherals();
   9:../../core/platform/octa/src/octa.c ****     //P2 UART, I2C, SPI & GPIO handles
  10:../../core/platform/octa/src/octa.c ****     OCTA_Initialize_P2_Peripherals();
  11:../../core/platform/octa/src/octa.c ****     //P3 UART, I2C, SPI & GPIO handles
  12:../../core/platform/octa/src/octa.c ****     OCTA_Initialize_P3_Peripherals();
  13:../../core/platform/octa/src/octa.c **** }
  14:../../core/platform/octa/src/octa.c **** 
  15:../../core/platform/octa/src/octa.c **** void OCTA_Initialize_Common_Peripherals(void)
  16:../../core/platform/octa/src/octa.c **** {
  28              		.loc 1 16 0
  29              		.cfi_startproc
  30              		@ args = 0, pretend = 0, frame = 0
  31              		@ frame_needed = 0, uses_anonymous_args = 0
  32 0000 08B5     		push	{r3, lr}
  33              	.LCFI0:
  34              		.cfi_def_cfa_offset 8
  35              		.cfi_offset 3, -8
  36              		.cfi_offset 14, -4
  17:../../core/platform/octa/src/octa.c ****     OCTA_GPIO_Init();
  37              		.loc 1 17 0
  38 0002 FFF7FEFF 		bl	OCTA_GPIO_Init
  39              	.LVL0:
  18:../../core/platform/octa/src/octa.c ****     OCTA_IWDG_Init();
  40              		.loc 1 18 0
ARM GAS  /tmp/cc5nGSvN.s 			page 2


  41 0006 FFF7FEFF 		bl	OCTA_IWDG_Init
  42              	.LVL1:
  19:../../core/platform/octa/src/octa.c ****     FLASH_SPI_Init();
  43              		.loc 1 19 0
  44 000a FFF7FEFF 		bl	FLASH_SPI_Init
  45              	.LVL2:
  20:../../core/platform/octa/src/octa.c ****     common_I2C_Init();
  46              		.loc 1 20 0
  47 000e FFF7FEFF 		bl	common_I2C_Init
  48              	.LVL3:
  21:../../core/platform/octa/src/octa.c ****     USB_UART_Init(115200);
  49              		.loc 1 21 0
  50 0012 4FF4E130 		mov	r0, #115200
  51 0016 FFF7FEFF 		bl	USB_UART_Init
  52              	.LVL4:
  22:../../core/platform/octa/src/octa.c ****     #if USE_BOOTLOADER
  23:../../core/platform/octa/src/octa.c ****         printf("\r\nusing bootloader, initializing BLE UART\r\n");
  24:../../core/platform/octa/src/octa.c ****         BLE_UART_Init(115200); 
  25:../../core/platform/octa/src/octa.c ****         bootloader_initialize(&BLE_UART);     
  26:../../core/platform/octa/src/octa.c ****     #endif
  27:../../core/platform/octa/src/octa.c **** }
  53              		.loc 1 27 0
  54 001a 08BD     		pop	{r3, pc}
  55              		.cfi_endproc
  56              	.LFE129:
  58              		.section	.text.OCTA_Initialize_P1_Peripherals,"ax",%progbits
  59              		.align	1
  60              		.global	OCTA_Initialize_P1_Peripherals
  61              		.syntax unified
  62              		.thumb
  63              		.thumb_func
  64              		.fpu fpv4-sp-d16
  66              	OCTA_Initialize_P1_Peripherals:
  67              	.LFB130:
  28:../../core/platform/octa/src/octa.c **** 
  29:../../core/platform/octa/src/octa.c **** void OCTA_Initialize_P1_Peripherals(void)
  30:../../core/platform/octa/src/octa.c **** {
  68              		.loc 1 30 0
  69              		.cfi_startproc
  70              		@ args = 0, pretend = 0, frame = 0
  71              		@ frame_needed = 0, uses_anonymous_args = 0
  72              		@ link register save eliminated.
  31:../../core/platform/octa/src/octa.c ****     P1_header.number = 1;
  73              		.loc 1 31 0
  74 0000 0A4B     		ldr	r3, .L4
  75 0002 0122     		movs	r2, #1
  76 0004 1A70     		strb	r2, [r3]
  32:../../core/platform/octa/src/octa.c ****     P1_header.uartHandle = &P1_UART;
  77              		.loc 1 32 0
  78 0006 0A4A     		ldr	r2, .L4+4
  79 0008 5A60     		str	r2, [r3, #4]
  33:../../core/platform/octa/src/octa.c ****     P1_header.i2cHandle = &P1_I2C;
  80              		.loc 1 33 0
  81 000a 0A4A     		ldr	r2, .L4+8
  82 000c 9A60     		str	r2, [r3, #8]
  34:../../core/platform/octa/src/octa.c ****     P1_header.spiHandle = &P1_SPI;
  83              		.loc 1 34 0
ARM GAS  /tmp/cc5nGSvN.s 			page 3


  84 000e 0A4A     		ldr	r2, .L4+12
  85 0010 DA60     		str	r2, [r3, #12]
  35:../../core/platform/octa/src/octa.c ****     P1_header.DIO1 = &P1_DIO1;
  86              		.loc 1 35 0
  87 0012 0A4A     		ldr	r2, .L4+16
  88 0014 1A61     		str	r2, [r3, #16]
  36:../../core/platform/octa/src/octa.c ****     P1_header.DIO2 = &P1_DIO2;
  89              		.loc 1 36 0
  90 0016 0A4A     		ldr	r2, .L4+20
  91 0018 5A61     		str	r2, [r3, #20]
  37:../../core/platform/octa/src/octa.c ****     P1_header.DIO3 = &P1_DIO3;
  92              		.loc 1 37 0
  93 001a 0A4A     		ldr	r2, .L4+24
  94 001c 9A61     		str	r2, [r3, #24]
  38:../../core/platform/octa/src/octa.c ****     P1_header.DIO4 = &P1_DIO4;
  95              		.loc 1 38 0
  96 001e 0A4A     		ldr	r2, .L4+28
  97 0020 DA61     		str	r2, [r3, #28]
  39:../../core/platform/octa/src/octa.c ****     P1_header.DIO5 = &P1_DIO5;
  98              		.loc 1 39 0
  99 0022 0A4A     		ldr	r2, .L4+32
 100 0024 1A62     		str	r2, [r3, #32]
  40:../../core/platform/octa/src/octa.c ****     P1_header.DIO6 = &P1_DIO6;
 101              		.loc 1 40 0
 102 0026 0A4A     		ldr	r2, .L4+36
 103 0028 5A62     		str	r2, [r3, #36]
  41:../../core/platform/octa/src/octa.c **** }
 104              		.loc 1 41 0
 105 002a 7047     		bx	lr
 106              	.L5:
 107              		.align	2
 108              	.L4:
 109 002c 00000000 		.word	P1_header
 110 0030 00000000 		.word	P1_UART
 111 0034 00000000 		.word	P1_I2C
 112 0038 00000000 		.word	P1_SPI
 113 003c 00000000 		.word	P1_DIO1
 114 0040 00000000 		.word	P1_DIO2
 115 0044 00000000 		.word	P1_DIO3
 116 0048 00000000 		.word	P1_DIO4
 117 004c 00000000 		.word	P1_DIO5
 118 0050 00000000 		.word	P1_DIO6
 119              		.cfi_endproc
 120              	.LFE130:
 122              		.section	.text.OCTA_Initialize_P2_Peripherals,"ax",%progbits
 123              		.align	1
 124              		.global	OCTA_Initialize_P2_Peripherals
 125              		.syntax unified
 126              		.thumb
 127              		.thumb_func
 128              		.fpu fpv4-sp-d16
 130              	OCTA_Initialize_P2_Peripherals:
 131              	.LFB131:
  42:../../core/platform/octa/src/octa.c **** 
  43:../../core/platform/octa/src/octa.c **** void OCTA_Initialize_P2_Peripherals(void)
  44:../../core/platform/octa/src/octa.c **** {
 132              		.loc 1 44 0
ARM GAS  /tmp/cc5nGSvN.s 			page 4


 133              		.cfi_startproc
 134              		@ args = 0, pretend = 0, frame = 0
 135              		@ frame_needed = 0, uses_anonymous_args = 0
 136              		@ link register save eliminated.
  45:../../core/platform/octa/src/octa.c ****     P2_header.number = 2;
 137              		.loc 1 45 0
 138 0000 0A4B     		ldr	r3, .L7
 139 0002 0222     		movs	r2, #2
 140 0004 1A70     		strb	r2, [r3]
  46:../../core/platform/octa/src/octa.c ****     #if USE_BOOTLOADER
  47:../../core/platform/octa/src/octa.c ****         printf("\r\nusing bootloader, P2 UART unavailable\r\n");
  48:../../core/platform/octa/src/octa.c ****         P2_header.uartHandle = NULL;
  49:../../core/platform/octa/src/octa.c ****     #else
  50:../../core/platform/octa/src/octa.c ****         P2_header.uartHandle = &P2_UART;
 141              		.loc 1 50 0
 142 0006 0A4A     		ldr	r2, .L7+4
 143 0008 5A60     		str	r2, [r3, #4]
  51:../../core/platform/octa/src/octa.c ****     #endif
  52:../../core/platform/octa/src/octa.c ****     P2_header.i2cHandle = &P2_I2C;
 144              		.loc 1 52 0
 145 000a 0A4A     		ldr	r2, .L7+8
 146 000c 9A60     		str	r2, [r3, #8]
  53:../../core/platform/octa/src/octa.c ****     P2_header.spiHandle = &P2_SPI;
 147              		.loc 1 53 0
 148 000e 0A4A     		ldr	r2, .L7+12
 149 0010 DA60     		str	r2, [r3, #12]
  54:../../core/platform/octa/src/octa.c ****     P2_header.DIO1 = &P2_DIO1;
 150              		.loc 1 54 0
 151 0012 0A4A     		ldr	r2, .L7+16
 152 0014 1A61     		str	r2, [r3, #16]
  55:../../core/platform/octa/src/octa.c ****     P2_header.DIO2 = &P2_DIO2;
 153              		.loc 1 55 0
 154 0016 0A4A     		ldr	r2, .L7+20
 155 0018 5A61     		str	r2, [r3, #20]
  56:../../core/platform/octa/src/octa.c ****     P2_header.DIO3 = &P2_DIO3;
 156              		.loc 1 56 0
 157 001a 0A4A     		ldr	r2, .L7+24
 158 001c 9A61     		str	r2, [r3, #24]
  57:../../core/platform/octa/src/octa.c ****     P2_header.DIO4 = &P2_DIO4;
 159              		.loc 1 57 0
 160 001e 0A4A     		ldr	r2, .L7+28
 161 0020 DA61     		str	r2, [r3, #28]
  58:../../core/platform/octa/src/octa.c ****     P2_header.DIO5 = &P2_DIO5;
 162              		.loc 1 58 0
 163 0022 0A4A     		ldr	r2, .L7+32
 164 0024 1A62     		str	r2, [r3, #32]
  59:../../core/platform/octa/src/octa.c ****     P2_header.DIO6 = &P2_DIO6;
 165              		.loc 1 59 0
 166 0026 0A4A     		ldr	r2, .L7+36
 167 0028 5A62     		str	r2, [r3, #36]
  60:../../core/platform/octa/src/octa.c **** }
 168              		.loc 1 60 0
 169 002a 7047     		bx	lr
 170              	.L8:
 171              		.align	2
 172              	.L7:
 173 002c 00000000 		.word	P2_header
ARM GAS  /tmp/cc5nGSvN.s 			page 5


 174 0030 00000000 		.word	P2_UART
 175 0034 00000000 		.word	P2_I2C
 176 0038 00000000 		.word	P2_SPI
 177 003c 00000000 		.word	P2_DIO1
 178 0040 00000000 		.word	P2_DIO2
 179 0044 00000000 		.word	P2_DIO3
 180 0048 00000000 		.word	P2_DIO4
 181 004c 00000000 		.word	P2_DIO5
 182 0050 00000000 		.word	P2_DIO6
 183              		.cfi_endproc
 184              	.LFE131:
 186              		.section	.text.OCTA_Initialize_P3_Peripherals,"ax",%progbits
 187              		.align	1
 188              		.global	OCTA_Initialize_P3_Peripherals
 189              		.syntax unified
 190              		.thumb
 191              		.thumb_func
 192              		.fpu fpv4-sp-d16
 194              	OCTA_Initialize_P3_Peripherals:
 195              	.LFB132:
  61:../../core/platform/octa/src/octa.c **** 
  62:../../core/platform/octa/src/octa.c **** void OCTA_Initialize_P3_Peripherals(void)
  63:../../core/platform/octa/src/octa.c **** {
 196              		.loc 1 63 0
 197              		.cfi_startproc
 198              		@ args = 0, pretend = 0, frame = 0
 199              		@ frame_needed = 0, uses_anonymous_args = 0
 200              		@ link register save eliminated.
  64:../../core/platform/octa/src/octa.c ****     P3_header.number = 3;
 201              		.loc 1 64 0
 202 0000 0A4B     		ldr	r3, .L10
 203 0002 0322     		movs	r2, #3
 204 0004 1A70     		strb	r2, [r3]
  65:../../core/platform/octa/src/octa.c ****     P3_header.uartHandle = &P3_UART;
 205              		.loc 1 65 0
 206 0006 0A4A     		ldr	r2, .L10+4
 207 0008 5A60     		str	r2, [r3, #4]
  66:../../core/platform/octa/src/octa.c ****     P3_header.i2cHandle = &P3_I2C;
 208              		.loc 1 66 0
 209 000a 0A4A     		ldr	r2, .L10+8
 210 000c 9A60     		str	r2, [r3, #8]
  67:../../core/platform/octa/src/octa.c ****     P3_header.spiHandle = &P3_SPI;
 211              		.loc 1 67 0
 212 000e 0A4A     		ldr	r2, .L10+12
 213 0010 DA60     		str	r2, [r3, #12]
  68:../../core/platform/octa/src/octa.c ****     P3_header.DIO1 = &P3_DIO1;
 214              		.loc 1 68 0
 215 0012 0A4A     		ldr	r2, .L10+16
 216 0014 1A61     		str	r2, [r3, #16]
  69:../../core/platform/octa/src/octa.c ****     P3_header.DIO2 = &P3_DIO2;
 217              		.loc 1 69 0
 218 0016 0A4A     		ldr	r2, .L10+20
 219 0018 5A61     		str	r2, [r3, #20]
  70:../../core/platform/octa/src/octa.c ****     P3_header.DIO3 = &P3_DIO3;
 220              		.loc 1 70 0
 221 001a 0A4A     		ldr	r2, .L10+24
 222 001c 9A61     		str	r2, [r3, #24]
ARM GAS  /tmp/cc5nGSvN.s 			page 6


  71:../../core/platform/octa/src/octa.c ****     P3_header.DIO4 = &P3_DIO4;
 223              		.loc 1 71 0
 224 001e 0A4A     		ldr	r2, .L10+28
 225 0020 DA61     		str	r2, [r3, #28]
  72:../../core/platform/octa/src/octa.c ****     P3_header.DIO5 = &P3_DIO5;
 226              		.loc 1 72 0
 227 0022 0A4A     		ldr	r2, .L10+32
 228 0024 1A62     		str	r2, [r3, #32]
  73:../../core/platform/octa/src/octa.c ****     P3_header.DIO6 = &P3_DIO6;
 229              		.loc 1 73 0
 230 0026 0A4A     		ldr	r2, .L10+36
 231 0028 5A62     		str	r2, [r3, #36]
  74:../../core/platform/octa/src/octa.c **** }
 232              		.loc 1 74 0
 233 002a 7047     		bx	lr
 234              	.L11:
 235              		.align	2
 236              	.L10:
 237 002c 00000000 		.word	P3_header
 238 0030 00000000 		.word	P3_UART
 239 0034 00000000 		.word	P3_I2C
 240 0038 00000000 		.word	P3_SPI
 241 003c 00000000 		.word	P3_DIO1
 242 0040 00000000 		.word	P3_DIO2
 243 0044 00000000 		.word	P3_DIO3
 244 0048 00000000 		.word	P3_DIO4
 245 004c 00000000 		.word	P3_DIO5
 246 0050 00000000 		.word	P3_DIO6
 247              		.cfi_endproc
 248              	.LFE132:
 250              		.section	.text.OCTA_Initialize_Platform,"ax",%progbits
 251              		.align	1
 252              		.global	OCTA_Initialize_Platform
 253              		.syntax unified
 254              		.thumb
 255              		.thumb_func
 256              		.fpu fpv4-sp-d16
 258              	OCTA_Initialize_Platform:
 259              	.LFB128:
   4:../../core/platform/octa/src/octa.c ****     OCTA_Initialize_Common_Peripherals();
 260              		.loc 1 4 0
 261              		.cfi_startproc
 262              		@ args = 0, pretend = 0, frame = 0
 263              		@ frame_needed = 0, uses_anonymous_args = 0
 264 0000 08B5     		push	{r3, lr}
 265              	.LCFI1:
 266              		.cfi_def_cfa_offset 8
 267              		.cfi_offset 3, -8
 268              		.cfi_offset 14, -4
   6:../../core/platform/octa/src/octa.c ****     //P1 UART, I2C, SPI & GPIO handles
 269              		.loc 1 6 0
 270 0002 FFF7FEFF 		bl	OCTA_Initialize_Common_Peripherals
 271              	.LVL5:
   8:../../core/platform/octa/src/octa.c ****     //P2 UART, I2C, SPI & GPIO handles
 272              		.loc 1 8 0
 273 0006 FFF7FEFF 		bl	OCTA_Initialize_P1_Peripherals
 274              	.LVL6:
ARM GAS  /tmp/cc5nGSvN.s 			page 7


  10:../../core/platform/octa/src/octa.c ****     //P3 UART, I2C, SPI & GPIO handles
 275              		.loc 1 10 0
 276 000a FFF7FEFF 		bl	OCTA_Initialize_P2_Peripherals
 277              	.LVL7:
  12:../../core/platform/octa/src/octa.c **** }
 278              		.loc 1 12 0
 279 000e FFF7FEFF 		bl	OCTA_Initialize_P3_Peripherals
 280              	.LVL8:
  13:../../core/platform/octa/src/octa.c **** 
 281              		.loc 1 13 0
 282 0012 08BD     		pop	{r3, pc}
 283              		.cfi_endproc
 284              	.LFE128:
 286              		.section	.text.get_UID,"ax",%progbits
 287              		.align	1
 288              		.global	get_UID
 289              		.syntax unified
 290              		.thumb
 291              		.thumb_func
 292              		.fpu fpv4-sp-d16
 294              	get_UID:
 295              	.LFB133:
  75:../../core/platform/octa/src/octa.c **** 
  76:../../core/platform/octa/src/octa.c **** uint64_t get_UID(void)
  77:../../core/platform/octa/src/octa.c **** {
 296              		.loc 1 77 0
 297              		.cfi_startproc
 298              		@ args = 0, pretend = 0, frame = 0
 299              		@ frame_needed = 0, uses_anonymous_args = 0
 300              		@ link register save eliminated.
 301 0000 70B4     		push	{r4, r5, r6}
 302              	.LCFI2:
 303              		.cfi_def_cfa_offset 12
 304              		.cfi_offset 4, -12
 305              		.cfi_offset 5, -8
 306              		.cfi_offset 6, -4
  78:../../core/platform/octa/src/octa.c ****     // Full 96 bits UID in an array
  79:../../core/platform/octa/src/octa.c ****     // uint32_t *uniqueID = (uint32_t*)UID_BASE;
  80:../../core/platform/octa/src/octa.c ****     // for(uint8_t i = 0; i < 12; i++){
  81:../../core/platform/octa/src/octa.c ****     //   UID[i] = (uint8_t)uniqueID[i];
  82:../../core/platform/octa/src/octa.c ****     // }
  83:../../core/platform/octa/src/octa.c ****     //return 64 bit mac address
  84:../../core/platform/octa/src/octa.c ****     return (*((uint64_t *)(UID_BASE)) << 32) + *((uint64_t *)(UID_BASE + 0x04U));
 307              		.loc 1 84 0
 308 0002 0025     		movs	r5, #0
 309 0004 044B     		ldr	r3, .L16
 310 0006 1E68     		ldr	r6, [r3]
 311 0008 044C     		ldr	r4, .L16+4
 312 000a 2268     		ldr	r2, [r4]
 313 000c 6368     		ldr	r3, [r4, #4]
  85:../../core/platform/octa/src/octa.c **** }
 314              		.loc 1 85 0
 315 000e A818     		adds	r0, r5, r2
 316 0010 46EB0301 		adc	r1, r6, r3
 317 0014 70BC     		pop	{r4, r5, r6}
 318              	.LCFI3:
 319              		.cfi_restore 6
ARM GAS  /tmp/cc5nGSvN.s 			page 8


 320              		.cfi_restore 5
 321              		.cfi_restore 4
 322              		.cfi_def_cfa_offset 0
 323 0016 7047     		bx	lr
 324              	.L17:
 325              		.align	2
 326              	.L16:
 327 0018 9075FF1F 		.word	536835472
 328 001c 9475FF1F 		.word	536835476
 329              		.cfi_endproc
 330              	.LFE133:
 332              		.section	.text.platform_initialize_UART,"ax",%progbits
 333              		.align	1
 334              		.global	platform_initialize_UART
 335              		.syntax unified
 336              		.thumb
 337              		.thumb_func
 338              		.fpu fpv4-sp-d16
 340              	platform_initialize_UART:
 341              	.LFB134:
  86:../../core/platform/octa/src/octa.c **** 
  87:../../core/platform/octa/src/octa.c **** void platform_initialize_UART(struct OCTA_header aHeader, uint32_t aBaudRate)
  88:../../core/platform/octa/src/octa.c **** {
 342              		.loc 1 88 0
 343              		.cfi_startproc
 344              		@ args = 48, pretend = 16, frame = 0
 345              		@ frame_needed = 0, uses_anonymous_args = 0
 346              	.LVL9:
 347 0000 84B0     		sub	sp, sp, #16
 348              	.LCFI4:
 349              		.cfi_def_cfa_offset 16
 350 0002 08B5     		push	{r3, lr}
 351              	.LCFI5:
 352              		.cfi_def_cfa_offset 24
 353              		.cfi_offset 3, -24
 354              		.cfi_offset 14, -20
 355 0004 0DF1080C 		add	ip, sp, #8
 356 0008 8CE80F00 		stm	ip, {r0, r1, r2, r3}
  89:../../core/platform/octa/src/octa.c ****     switch(aHeader.number)
 357              		.loc 1 89 0
 358 000c 9DF80830 		ldrb	r3, [sp, #8]	@ zero_extendqisi2
 359 0010 022B     		cmp	r3, #2
 360 0012 0BD0     		beq	.L20
 361 0014 032B     		cmp	r3, #3
 362 0016 0DD0     		beq	.L21
 363 0018 012B     		cmp	r3, #1
 364 001a 03D0     		beq	.L24
 365              	.L18:
  90:../../core/platform/octa/src/octa.c ****     {
  91:../../core/platform/octa/src/octa.c ****         case 1:
  92:../../core/platform/octa/src/octa.c ****             P1_UART_Init(aBaudRate);
  93:../../core/platform/octa/src/octa.c ****             break;
  94:../../core/platform/octa/src/octa.c ****         case 2:
  95:../../core/platform/octa/src/octa.c ****             P2_UART_Init(aBaudRate);
  96:../../core/platform/octa/src/octa.c ****             break;
  97:../../core/platform/octa/src/octa.c ****         case 3:
  98:../../core/platform/octa/src/octa.c ****             P3_UART_Init(aBaudRate);
ARM GAS  /tmp/cc5nGSvN.s 			page 9


  99:../../core/platform/octa/src/octa.c ****             break;
 100:../../core/platform/octa/src/octa.c ****         default:
 101:../../core/platform/octa/src/octa.c ****             break;
 102:../../core/platform/octa/src/octa.c ****     }
 103:../../core/platform/octa/src/octa.c **** }
 366              		.loc 1 103 0
 367 001c BDE80840 		pop	{r3, lr}
 368              	.LCFI6:
 369              		.cfi_remember_state
 370              		.cfi_restore 14
 371              		.cfi_restore 3
 372              		.cfi_def_cfa_offset 16
 373 0020 04B0     		add	sp, sp, #16
 374              	.LCFI7:
 375              		.cfi_def_cfa_offset 0
 376 0022 7047     		bx	lr
 377              	.L24:
 378              	.LCFI8:
 379              		.cfi_restore_state
  92:../../core/platform/octa/src/octa.c ****             break;
 380              		.loc 1 92 0
 381 0024 0D98     		ldr	r0, [sp, #52]
 382 0026 FFF7FEFF 		bl	P1_UART_Init
 383              	.LVL10:
  93:../../core/platform/octa/src/octa.c ****         case 2:
 384              		.loc 1 93 0
 385 002a F7E7     		b	.L18
 386              	.L20:
  95:../../core/platform/octa/src/octa.c ****             break;
 387              		.loc 1 95 0
 388 002c 0D98     		ldr	r0, [sp, #52]
 389 002e FFF7FEFF 		bl	P2_UART_Init
 390              	.LVL11:
  96:../../core/platform/octa/src/octa.c ****         case 3:
 391              		.loc 1 96 0
 392 0032 F3E7     		b	.L18
 393              	.L21:
  98:../../core/platform/octa/src/octa.c ****             break;
 394              		.loc 1 98 0
 395 0034 0D98     		ldr	r0, [sp, #52]
 396 0036 FFF7FEFF 		bl	P3_UART_Init
 397              	.LVL12:
 398              		.loc 1 103 0
 399 003a EFE7     		b	.L18
 400              		.cfi_endproc
 401              	.LFE134:
 403              		.section	.text.platform_initialize_I2C,"ax",%progbits
 404              		.align	1
 405              		.global	platform_initialize_I2C
 406              		.syntax unified
 407              		.thumb
 408              		.thumb_func
 409              		.fpu fpv4-sp-d16
 411              	platform_initialize_I2C:
 412              	.LFB135:
 104:../../core/platform/octa/src/octa.c **** 
 105:../../core/platform/octa/src/octa.c **** void platform_initialize_I2C(struct OCTA_header aHeader)
ARM GAS  /tmp/cc5nGSvN.s 			page 10


 106:../../core/platform/octa/src/octa.c **** {
 413              		.loc 1 106 0
 414              		.cfi_startproc
 415              		@ args = 44, pretend = 16, frame = 0
 416              		@ frame_needed = 0, uses_anonymous_args = 0
 417 0000 84B0     		sub	sp, sp, #16
 418              	.LCFI9:
 419              		.cfi_def_cfa_offset 16
 420 0002 08B5     		push	{r3, lr}
 421              	.LCFI10:
 422              		.cfi_def_cfa_offset 24
 423              		.cfi_offset 3, -24
 424              		.cfi_offset 14, -20
 425 0004 0DF1080C 		add	ip, sp, #8
 426 0008 8CE80F00 		stm	ip, {r0, r1, r2, r3}
 107:../../core/platform/octa/src/octa.c ****     switch(aHeader.number)
 427              		.loc 1 107 0
 428 000c 9DF80830 		ldrb	r3, [sp, #8]	@ zero_extendqisi2
 429 0010 022B     		cmp	r3, #2
 430 0012 0AD0     		beq	.L27
 431 0014 032B     		cmp	r3, #3
 432 0016 0BD0     		beq	.L28
 433 0018 012B     		cmp	r3, #1
 434 001a 03D0     		beq	.L31
 435              	.L25:
 108:../../core/platform/octa/src/octa.c ****     {
 109:../../core/platform/octa/src/octa.c ****         case 1:
 110:../../core/platform/octa/src/octa.c ****             P1_I2C_Init();
 111:../../core/platform/octa/src/octa.c ****             break;
 112:../../core/platform/octa/src/octa.c ****         case 2:
 113:../../core/platform/octa/src/octa.c ****             P2_I2C_Init();
 114:../../core/platform/octa/src/octa.c ****             break;
 115:../../core/platform/octa/src/octa.c ****         case 3:
 116:../../core/platform/octa/src/octa.c ****             P3_I2C_Init();
 117:../../core/platform/octa/src/octa.c ****             break;
 118:../../core/platform/octa/src/octa.c ****         default:
 119:../../core/platform/octa/src/octa.c ****             break;
 120:../../core/platform/octa/src/octa.c ****     }
 121:../../core/platform/octa/src/octa.c **** }
 436              		.loc 1 121 0
 437 001c BDE80840 		pop	{r3, lr}
 438              	.LCFI11:
 439              		.cfi_remember_state
 440              		.cfi_restore 14
 441              		.cfi_restore 3
 442              		.cfi_def_cfa_offset 16
 443 0020 04B0     		add	sp, sp, #16
 444              	.LCFI12:
 445              		.cfi_def_cfa_offset 0
 446 0022 7047     		bx	lr
 447              	.L31:
 448              	.LCFI13:
 449              		.cfi_restore_state
 110:../../core/platform/octa/src/octa.c ****             break;
 450              		.loc 1 110 0
 451 0024 FFF7FEFF 		bl	P1_I2C_Init
 452              	.LVL13:
ARM GAS  /tmp/cc5nGSvN.s 			page 11


 111:../../core/platform/octa/src/octa.c ****         case 2:
 453              		.loc 1 111 0
 454 0028 F8E7     		b	.L25
 455              	.L27:
 113:../../core/platform/octa/src/octa.c ****             break;
 456              		.loc 1 113 0
 457 002a FFF7FEFF 		bl	P2_I2C_Init
 458              	.LVL14:
 114:../../core/platform/octa/src/octa.c ****         case 3:
 459              		.loc 1 114 0
 460 002e F5E7     		b	.L25
 461              	.L28:
 116:../../core/platform/octa/src/octa.c ****             break;
 462              		.loc 1 116 0
 463 0030 FFF7FEFF 		bl	P3_I2C_Init
 464              	.LVL15:
 465              		.loc 1 121 0
 466 0034 F2E7     		b	.L25
 467              		.cfi_endproc
 468              	.LFE135:
 470              		.section	.text.platform_initialize_SPI,"ax",%progbits
 471              		.align	1
 472              		.global	platform_initialize_SPI
 473              		.syntax unified
 474              		.thumb
 475              		.thumb_func
 476              		.fpu fpv4-sp-d16
 478              	platform_initialize_SPI:
 479              	.LFB136:
 122:../../core/platform/octa/src/octa.c **** 
 123:../../core/platform/octa/src/octa.c **** void platform_initialize_SPI(struct OCTA_header aHeader)
 124:../../core/platform/octa/src/octa.c **** {
 480              		.loc 1 124 0
 481              		.cfi_startproc
 482              		@ args = 44, pretend = 16, frame = 0
 483              		@ frame_needed = 0, uses_anonymous_args = 0
 484 0000 84B0     		sub	sp, sp, #16
 485              	.LCFI14:
 486              		.cfi_def_cfa_offset 16
 487 0002 08B5     		push	{r3, lr}
 488              	.LCFI15:
 489              		.cfi_def_cfa_offset 24
 490              		.cfi_offset 3, -24
 491              		.cfi_offset 14, -20
 492 0004 0DF1080C 		add	ip, sp, #8
 493 0008 8CE80F00 		stm	ip, {r0, r1, r2, r3}
 125:../../core/platform/octa/src/octa.c ****     switch(aHeader.number)
 494              		.loc 1 125 0
 495 000c 9DF80830 		ldrb	r3, [sp, #8]	@ zero_extendqisi2
 496 0010 022B     		cmp	r3, #2
 497 0012 0AD0     		beq	.L34
 498 0014 032B     		cmp	r3, #3
 499 0016 0BD0     		beq	.L35
 500 0018 012B     		cmp	r3, #1
 501 001a 03D0     		beq	.L38
 502              	.L32:
 126:../../core/platform/octa/src/octa.c ****     {
ARM GAS  /tmp/cc5nGSvN.s 			page 12


 127:../../core/platform/octa/src/octa.c ****         case 1:
 128:../../core/platform/octa/src/octa.c ****             P1_SPI_Init();
 129:../../core/platform/octa/src/octa.c ****             break;
 130:../../core/platform/octa/src/octa.c ****         case 2:
 131:../../core/platform/octa/src/octa.c ****             P2_SPI_Init();
 132:../../core/platform/octa/src/octa.c ****             break;
 133:../../core/platform/octa/src/octa.c ****         case 3:
 134:../../core/platform/octa/src/octa.c ****             P3_SPI_Init();
 135:../../core/platform/octa/src/octa.c ****             break;
 136:../../core/platform/octa/src/octa.c ****         default:
 137:../../core/platform/octa/src/octa.c ****             break;
 138:../../core/platform/octa/src/octa.c ****     }
 139:../../core/platform/octa/src/octa.c **** }
 503              		.loc 1 139 0
 504 001c BDE80840 		pop	{r3, lr}
 505              	.LCFI16:
 506              		.cfi_remember_state
 507              		.cfi_restore 14
 508              		.cfi_restore 3
 509              		.cfi_def_cfa_offset 16
 510 0020 04B0     		add	sp, sp, #16
 511              	.LCFI17:
 512              		.cfi_def_cfa_offset 0
 513 0022 7047     		bx	lr
 514              	.L38:
 515              	.LCFI18:
 516              		.cfi_restore_state
 128:../../core/platform/octa/src/octa.c ****             break;
 517              		.loc 1 128 0
 518 0024 FFF7FEFF 		bl	P1_SPI_Init
 519              	.LVL16:
 129:../../core/platform/octa/src/octa.c ****         case 2:
 520              		.loc 1 129 0
 521 0028 F8E7     		b	.L32
 522              	.L34:
 131:../../core/platform/octa/src/octa.c ****             break;
 523              		.loc 1 131 0
 524 002a FFF7FEFF 		bl	P2_SPI_Init
 525              	.LVL17:
 132:../../core/platform/octa/src/octa.c ****         case 3:
 526              		.loc 1 132 0
 527 002e F5E7     		b	.L32
 528              	.L35:
 134:../../core/platform/octa/src/octa.c ****             break;
 529              		.loc 1 134 0
 530 0030 FFF7FEFF 		bl	P3_SPI_Init
 531              	.LVL18:
 532              		.loc 1 139 0
 533 0034 F2E7     		b	.L32
 534              		.cfi_endproc
 535              	.LFE136:
 537              		.section	.text.platform_getHeader,"ax",%progbits
 538              		.align	1
 539              		.global	platform_getHeader
 540              		.syntax unified
 541              		.thumb
 542              		.thumb_func
ARM GAS  /tmp/cc5nGSvN.s 			page 13


 543              		.fpu fpv4-sp-d16
 545              	platform_getHeader:
 546              	.LFB137:
 140:../../core/platform/octa/src/octa.c **** 
 141:../../core/platform/octa/src/octa.c **** struct OCTA_header platform_getHeader(uint8_t connector)
 142:../../core/platform/octa/src/octa.c **** {
 547              		.loc 1 142 0
 548              		.cfi_startproc
 549              		@ args = 0, pretend = 0, frame = 48
 550              		@ frame_needed = 0, uses_anonymous_args = 0
 551              	.LVL19:
 552 0000 70B5     		push	{r4, r5, r6, lr}
 553              	.LCFI19:
 554              		.cfi_def_cfa_offset 16
 555              		.cfi_offset 4, -16
 556              		.cfi_offset 5, -12
 557              		.cfi_offset 6, -8
 558              		.cfi_offset 14, -4
 559 0002 8CB0     		sub	sp, sp, #48
 560              	.LCFI20:
 561              		.cfi_def_cfa_offset 64
 562 0004 0546     		mov	r5, r0
 143:../../core/platform/octa/src/octa.c ****     switch (connector)
 563              		.loc 1 143 0
 564 0006 0229     		cmp	r1, #2
 565 0008 24D0     		beq	.L41
 566 000a 0329     		cmp	r1, #3
 567 000c 30D0     		beq	.L42
 568 000e 0129     		cmp	r1, #1
 569 0010 10D0     		beq	.L47
 570              	.LBB2:
 144:../../core/platform/octa/src/octa.c ****     {
 145:../../core/platform/octa/src/octa.c ****     case 1:
 146:../../core/platform/octa/src/octa.c ****         P1_header.active = 1;
 147:../../core/platform/octa/src/octa.c ****         return P1_header;
 148:../../core/platform/octa/src/octa.c ****     case 2:
 149:../../core/platform/octa/src/octa.c ****         P2_header.active = 1;
 150:../../core/platform/octa/src/octa.c ****         return P2_header;
 151:../../core/platform/octa/src/octa.c ****     case 3:
 152:../../core/platform/octa/src/octa.c ****         P3_header.active = 1;
 153:../../core/platform/octa/src/octa.c ****         return P3_header;
 154:../../core/platform/octa/src/octa.c ****     default:
 155:../../core/platform/octa/src/octa.c ****         //invalid connector
 156:../../core/platform/octa/src/octa.c ****         printf("Invalid connector\r\n");
 571              		.loc 1 156 0
 572 0012 1E48     		ldr	r0, .L48
 573              	.LVL20:
 574 0014 FFF7FEFF 		bl	puts
 575              	.LVL21:
 157:../../core/platform/octa/src/octa.c ****         struct OCTA_header invalid; 
 158:../../core/platform/octa/src/octa.c ****         invalid.active = 0;
 576              		.loc 1 158 0
 577 0018 0023     		movs	r3, #0
 578 001a 8DF82C30 		strb	r3, [sp, #44]
 159:../../core/platform/octa/src/octa.c ****         return invalid;
 579              		.loc 1 159 0
 580 001e 2C46     		mov	r4, r5
ARM GAS  /tmp/cc5nGSvN.s 			page 14


 581 0020 01AE     		add	r6, sp, #4
 582 0022 0FCE     		ldmia	r6!, {r0, r1, r2, r3}
 583 0024 0FC4     		stmia	r4!, {r0, r1, r2, r3}
 584 0026 0FCE     		ldmia	r6!, {r0, r1, r2, r3}
 585 0028 0FC4     		stmia	r4!, {r0, r1, r2, r3}
 586 002a 96E80700 		ldm	r6, {r0, r1, r2}
 587 002e 84E80700 		stm	r4, {r0, r1, r2}
 588 0032 0CE0     		b	.L39
 589              	.LVL22:
 590              	.L47:
 146:../../core/platform/octa/src/octa.c ****         return P1_header;
 591              		.loc 1 146 0
 592 0034 164C     		ldr	r4, .L48+4
 593 0036 0123     		movs	r3, #1
 594 0038 84F82830 		strb	r3, [r4, #40]
 147:../../core/platform/octa/src/octa.c ****     case 2:
 595              		.loc 1 147 0
 596 003c 0646     		mov	r6, r0
 597 003e 0FCC     		ldmia	r4!, {r0, r1, r2, r3}
 598              	.LVL23:
 599 0040 0FC6     		stmia	r6!, {r0, r1, r2, r3}
 600 0042 0FCC     		ldmia	r4!, {r0, r1, r2, r3}
 601 0044 0FC6     		stmia	r6!, {r0, r1, r2, r3}
 602 0046 94E80700 		ldm	r4, {r0, r1, r2}
 603 004a 86E80700 		stm	r6, {r0, r1, r2}
 604              	.L39:
 605              	.LBE2:
 160:../../core/platform/octa/src/octa.c ****     }
 161:../../core/platform/octa/src/octa.c **** }...
 606              		.loc 1 161 0
 607 004e 2846     		mov	r0, r5
 608 0050 0CB0     		add	sp, sp, #48
 609              	.LCFI21:
 610              		.cfi_remember_state
 611              		.cfi_def_cfa_offset 16
 612              		@ sp needed
 613 0052 70BD     		pop	{r4, r5, r6, pc}
 614              	.LVL24:
 615              	.L41:
 616              	.LCFI22:
 617              		.cfi_restore_state
 618              	.LBB3:
 149:../../core/platform/octa/src/octa.c ****         P2_header.active = 1;
 619              		.loc 1 149 0
 620 0054 0F4C     		ldr	r4, .L48+8
 621 0056 0123     		movs	r3, #1
 622 0058 84F82830 		strb	r3, [r4, #40]
 150:../../core/platform/octa/src/octa.c ****         return P2_header;
 623              		.loc 1 150 0
 624 005c 0646     		mov	r6, r0
 625 005e 0FCC     		ldmia	r4!, {r0, r1, r2, r3}
 626              	.LVL25:
 627 0060 0FC6     		stmia	r6!, {r0, r1, r2, r3}
 628 0062 0FCC     		ldmia	r4!, {r0, r1, r2, r3}
 629 0064 0FC6     		stmia	r6!, {r0, r1, r2, r3}
 630 0066 94E80700 		ldm	r4, {r0, r1, r2}
 631 006a 86E80700 		stm	r6, {r0, r1, r2}
ARM GAS  /tmp/cc5nGSvN.s 			page 15


 632 006e EEE7     		b	.L39
 633              	.LVL26:
 634              	.L42:
 152:../../core/platform/octa/src/octa.c ****         P3_header.active = 1;
 635              		.loc 1 152 0
 636 0070 094C     		ldr	r4, .L48+12
 637 0072 0123     		movs	r3, #1
 638 0074 84F82830 		strb	r3, [r4, #40]
 153:../../core/platform/octa/src/octa.c ****         return P3_header;
 639              		.loc 1 153 0
 640 0078 0646     		mov	r6, r0
 641 007a 0FCC     		ldmia	r4!, {r0, r1, r2, r3}
 642              	.LVL27:
 643 007c 0FC6     		stmia	r6!, {r0, r1, r2, r3}
 644 007e 0FCC     		ldmia	r4!, {r0, r1, r2, r3}
 645 0080 0FC6     		stmia	r6!, {r0, r1, r2, r3}
 646 0082 94E80700 		ldm	r4, {r0, r1, r2}
 647 0086 86E80700 		stm	r6, {r0, r1, r2}
 648 008a E0E7     		b	.L39
 649              	.L49:
 650              		.align	2
 651              	.L48:
 652 008c 00000000 		.word	.LC0
 653 0090 00000000 		.word	P1_header
 654 0094 00000000 		.word	P2_header
 655 0098 00000000 		.word	P3_header
 656              	.LBE3:
 657              		.cfi_endproc
 658              	.LFE137:
 660              		.comm	P3_header,44,4
 661              		.comm	P2_header,44,4
 662              		.comm	P1_header,44,4
 663              		.comm	FLASH_SPI,100,4
 664              		.comm	P3_SPI,100,4
 665              		.comm	P2_SPI,100,4
 666              		.comm	P1_SPI,100,4
 667              		.comm	P3_I2C,76,4
 668              		.comm	P2_I2C,76,4
 669              		.comm	P1_I2C,76,4
 670              		.comm	common_I2C,76,4
 671              		.comm	P3_UART,120,4
 672              		.comm	P2_UART,120,4
 673              		.comm	P1_UART,120,4
 674              		.comm	BLE_UART,120,4
 675              		.comm	USB_UART,120,4
 676              		.comm	hiwdg,16,4
 677              		.comm	P3_DIO6,8,4
 678              		.comm	P3_DIO5,8,4
 679              		.comm	P3_DIO4,8,4
 680              		.comm	P3_DIO3,8,4
 681              		.comm	P3_DIO2,8,4
 682              		.comm	P3_DIO1,8,4
 683              		.comm	P2_DIO6,8,4
 684              		.comm	P2_DIO5,8,4
 685              		.comm	P2_DIO4,8,4
 686              		.comm	P2_DIO3,8,4
 687              		.comm	P2_DIO2,8,4
ARM GAS  /tmp/cc5nGSvN.s 			page 16


 688              		.comm	P2_DIO1,8,4
 689              		.comm	P1_DIO6,8,4
 690              		.comm	P1_DIO5,8,4
 691              		.comm	P1_DIO4,8,4
 692              		.comm	P1_DIO3,8,4
 693              		.comm	P1_DIO2,8,4
 694              		.comm	P1_DIO1,8,4
 695              		.section	.rodata.platform_getHeader.str1.4,"aMS",%progbits,1
 696              		.align	2
 697              	.LC0:
 698 0000 496E7661 		.ascii	"Invalid connector\015\000"
 698      6C696420 
 698      636F6E6E 
 698      6563746F 
 698      720D00
 699              		.text
 700              	.Letext0:
 701              		.file 2 "/home/mats/gcc-arm-none-eabi-7-2018-q2-update/arm-none-eabi/include/machine/_default_type
 702              		.file 3 "/home/mats/gcc-arm-none-eabi-7-2018-q2-update/arm-none-eabi/include/sys/_stdint.h"
 703              		.file 4 "../../core/ST/CMSIS/Include/core_cm4.h"
 704              		.file 5 "../../core/ST/CMSIS/Device/ST/STM32L4xx/Include/system_stm32l4xx.h"
 705              		.file 6 "../../core/ST/CMSIS/Device/ST/STM32L4xx/Include/stm32l496xx.h"
 706              		.file 7 "../../core/ST/STM32L4xx_HAL_Driver/Inc/stm32l4xx_hal_def.h"
 707              		.file 8 "../../core/ST/STM32L4xx_HAL_Driver/Inc/stm32l4xx_hal_dma.h"
 708              		.file 9 "../../core/ST/STM32L4xx_HAL_Driver/Inc/stm32l4xx_hal_i2c.h"
 709              		.file 10 "../../core/ST/STM32L4xx_HAL_Driver/Inc/stm32l4xx_hal_iwdg.h"
 710              		.file 11 "../../core/ST/STM32L4xx_HAL_Driver/Inc/stm32l4xx_hal_spi.h"
 711              		.file 12 "../../core/ST/STM32L4xx_HAL_Driver/Inc/stm32l4xx_hal_uart.h"
 712              		.file 13 "../../core/ST/STM32L4xx_HAL_Driver/Inc/stm32l4xx_hal.h"
 713              		.file 14 "../../core/platform/octa/inc/gpio.h"
 714              		.file 15 "../../core/platform/octa/inc/iwdg.h"
 715              		.file 16 "../../core/platform/octa/inc/uart.h"
 716              		.file 17 "../../core/platform/octa/inc/i2c.h"
 717              		.file 18 "../../core/platform/octa/inc/spi.h"
 718              		.file 19 "../../core/platform/octa/inc/octa.h"
 719              		.file 20 "<built-in>"
ARM GAS  /tmp/cc5nGSvN.s 			page 17


DEFINED SYMBOLS
                            *ABS*:0000000000000000 octa.c
     /tmp/cc5nGSvN.s:18     .text.OCTA_Initialize_Common_Peripherals:0000000000000000 $t
     /tmp/cc5nGSvN.s:25     .text.OCTA_Initialize_Common_Peripherals:0000000000000000 OCTA_Initialize_Common_Peripherals
     /tmp/cc5nGSvN.s:59     .text.OCTA_Initialize_P1_Peripherals:0000000000000000 $t
     /tmp/cc5nGSvN.s:66     .text.OCTA_Initialize_P1_Peripherals:0000000000000000 OCTA_Initialize_P1_Peripherals
     /tmp/cc5nGSvN.s:109    .text.OCTA_Initialize_P1_Peripherals:000000000000002c $d
                            *COM*:000000000000002c P1_header
                            *COM*:0000000000000078 P1_UART
                            *COM*:000000000000004c P1_I2C
                            *COM*:0000000000000064 P1_SPI
                            *COM*:0000000000000008 P1_DIO1
                            *COM*:0000000000000008 P1_DIO2
                            *COM*:0000000000000008 P1_DIO3
                            *COM*:0000000000000008 P1_DIO4
                            *COM*:0000000000000008 P1_DIO5
                            *COM*:0000000000000008 P1_DIO6
     /tmp/cc5nGSvN.s:123    .text.OCTA_Initialize_P2_Peripherals:0000000000000000 $t
     /tmp/cc5nGSvN.s:130    .text.OCTA_Initialize_P2_Peripherals:0000000000000000 OCTA_Initialize_P2_Peripherals
     /tmp/cc5nGSvN.s:173    .text.OCTA_Initialize_P2_Peripherals:000000000000002c $d
                            *COM*:000000000000002c P2_header
                            *COM*:0000000000000078 P2_UART
                            *COM*:000000000000004c P2_I2C
                            *COM*:0000000000000064 P2_SPI
                            *COM*:0000000000000008 P2_DIO1
                            *COM*:0000000000000008 P2_DIO2
                            *COM*:0000000000000008 P2_DIO3
                            *COM*:0000000000000008 P2_DIO4
                            *COM*:0000000000000008 P2_DIO5
                            *COM*:0000000000000008 P2_DIO6
     /tmp/cc5nGSvN.s:187    .text.OCTA_Initialize_P3_Peripherals:0000000000000000 $t
     /tmp/cc5nGSvN.s:194    .text.OCTA_Initialize_P3_Peripherals:0000000000000000 OCTA_Initialize_P3_Peripherals
     /tmp/cc5nGSvN.s:237    .text.OCTA_Initialize_P3_Peripherals:000000000000002c $d
                            *COM*:000000000000002c P3_header
                            *COM*:0000000000000078 P3_UART
                            *COM*:000000000000004c P3_I2C
                            *COM*:0000000000000064 P3_SPI
                            *COM*:0000000000000008 P3_DIO1
                            *COM*:0000000000000008 P3_DIO2
                            *COM*:0000000000000008 P3_DIO3
                            *COM*:0000000000000008 P3_DIO4
                            *COM*:0000000000000008 P3_DIO5
                            *COM*:0000000000000008 P3_DIO6
     /tmp/cc5nGSvN.s:251    .text.OCTA_Initialize_Platform:0000000000000000 $t
     /tmp/cc5nGSvN.s:258    .text.OCTA_Initialize_Platform:0000000000000000 OCTA_Initialize_Platform
     /tmp/cc5nGSvN.s:287    .text.get_UID:0000000000000000 $t
     /tmp/cc5nGSvN.s:294    .text.get_UID:0000000000000000 get_UID
     /tmp/cc5nGSvN.s:327    .text.get_UID:0000000000000018 $d
     /tmp/cc5nGSvN.s:333    .text.platform_initialize_UART:0000000000000000 $t
     /tmp/cc5nGSvN.s:340    .text.platform_initialize_UART:0000000000000000 platform_initialize_UART
     /tmp/cc5nGSvN.s:404    .text.platform_initialize_I2C:0000000000000000 $t
     /tmp/cc5nGSvN.s:411    .text.platform_initialize_I2C:0000000000000000 platform_initialize_I2C
     /tmp/cc5nGSvN.s:471    .text.platform_initialize_SPI:0000000000000000 $t
     /tmp/cc5nGSvN.s:478    .text.platform_initialize_SPI:0000000000000000 platform_initialize_SPI
     /tmp/cc5nGSvN.s:538    .text.platform_getHeader:0000000000000000 $t
     /tmp/cc5nGSvN.s:545    .text.platform_getHeader:0000000000000000 platform_getHeader
     /tmp/cc5nGSvN.s:652    .text.platform_getHeader:000000000000008c $d
ARM GAS  /tmp/cc5nGSvN.s 			page 18


                            *COM*:0000000000000064 FLASH_SPI
                            *COM*:000000000000004c common_I2C
                            *COM*:0000000000000078 BLE_UART
                            *COM*:0000000000000078 USB_UART
                            *COM*:0000000000000010 hiwdg
     /tmp/cc5nGSvN.s:696    .rodata.platform_getHeader.str1.4:0000000000000000 $d

UNDEFINED SYMBOLS
OCTA_GPIO_Init
OCTA_IWDG_Init
FLASH_SPI_Init
common_I2C_Init
USB_UART_Init
P1_UART_Init
P2_UART_Init
P3_UART_Init
P1_I2C_Init
P2_I2C_Init
P3_I2C_Init
P1_SPI_Init
P2_SPI_Init
P3_SPI_Init
puts
